Wed, 29 Jan 2020 15:26:08 GMT - Info - Server is running on port: 3030
Wed, 29 Jan 2020 15:26:09 GMT - Info - Server is running on port: 3030
Wed, 29 Jan 2020 15:35:27 GMT - Info - Server is running on port: 3030
Wed, 29 Jan 2020 15:37:38 GMT - Info - Server is running on port: 3030
Wed, 29 Jan 2020 15:37:46 GMT - Info - Server is running on port: 3030
Wed, 29 Jan 2020 15:38:10 GMT - Info - Server is running on port: 3030
Wed, 29 Jan 2020 15:40:00 GMT - Info - Server is running on port: 3030
Wed, 29 Jan 2020 15:40:22 GMT - Info - Server is running on port: 3030
Wed, 29 Jan 2020 15:40:30 GMT - Info - Server is running on port: 3030
Wed, 29 Jan 2020 15:41:11 GMT - Info - Server is running on port: 3030
Wed, 29 Jan 2020 15:44:39 GMT - Info - Server is running on port: 3030
Wed, 29 Jan 2020 17:26:14 GMT - Info - Server is running on port: 3030
Wed, 29 Jan 2020 17:26:15 GMT - Info - Server is running on port: 3030
Thu, 30 Jan 2020 12:55:16 GMT - Info - Server is running on port: 3030
Thu, 30 Jan 2020 14:05:58 GMT - Info - Server is running on port: 3030
Thu, 30 Jan 2020 14:05:59 GMT - Info - Server is running on port: 3030
Thu, 30 Jan 2020 14:06:17 GMT - Info - Server is running on port: 3030
Thu, 30 Jan 2020 14:06:27 GMT - Info - Server is running on port: 3030
Thu, 30 Jan 2020 14:06:30 GMT - Info - Server is running on port: 3030
Thu, 30 Jan 2020 14:06:31 GMT - Info - Server is running on port: 3030
Thu, 30 Jan 2020 14:06:32 GMT - Info - Server is running on port: 3030
Thu, 30 Jan 2020 14:06:44 GMT - Error - ERROR: Cannot find board
Thu, 30 Jan 2020 14:06:44 GMT - Error - Cannot get board
Thu, 30 Jan 2020 14:06:51 GMT - Error - ERROR: Cannot find board
Thu, 30 Jan 2020 14:06:51 GMT - Error - Cannot get board
Thu, 30 Jan 2020 14:07:35 GMT - Info - Server is running on port: 3030
Thu, 30 Jan 2020 17:36:25 GMT - Info - Server is running on port: 3030
Thu, 30 Jan 2020 18:19:21 GMT - Info - Server is running on port: 3030
Thu, 30 Jan 2020 18:19:23 GMT - Info - Server is running on port: 3030
Thu, 30 Jan 2020 19:22:30 GMT - Info - Server is running on port: 3030
Thu, 30 Jan 2020 22:12:35 GMT - Info - Server is running on port: 3030
Thu, 30 Jan 2020 22:12:36 GMT - Info - Server is running on port: 3030
Thu, 30 Jan 2020 22:25:34 GMT - Info - Server is running on port: 3030
Fri, 31 Jan 2020 17:05:00 GMT - Info - Server is running on port: 3030
Fri, 31 Jan 2020 22:27:04 GMT - Info - Server is running on port: 3030
Fri, 31 Jan 2020 22:36:41 GMT - Info - Server is running on port: 3030
Sat, 01 Feb 2020 15:05:31 GMT - Info - Server is running on port: 3030

Sat, 01 Feb 2020 15:41:29 GMT - Info - Server is running on port: 3030
Sat, 01 Feb 2020 16:32:36 GMT - Debug - auth.service - login with email: vladbald@gmail.com

Sat, 01 Feb 2020 16:22:13 GMT - Debug - auth.service - login with email: batalinvlad@gmail.com
Sat, 01 Feb 2020 16:32:12 GMT - Debug - auth.service - login with email: batalinvlad@gmail.com
Sat, 01 Feb 2020 17:20:08 GMT - Info - Server is running on port: 3030
Sat, 01 Feb 2020 17:32:37 GMT - Debug - auth.service - login with email: paolo.groppi@gmail.com
Sat, 01 Feb 2020 17:32:55 GMT - Debug - auth.service - login with email: blabla@bla.com
Sat, 01 Feb 2020 17:33:15 GMT - Debug - auth.service - login with email: blabla@bla.com
Sat, 01 Feb 2020 17:33:39 GMT - Debug - auth.service - login with email: vladbald@gmail.com
Sat, 01 Feb 2020 19:21:39 GMT - Debug - auth.service - login with email: batalinvlad@gmail.com
Sat, 01 Feb 2020 18:39:21 GMT - Info - Server is running on port: 3030
Sat, 01 Feb 2020 18:39:27 GMT - Info - Server is running on port: 3030
Sat, 01 Feb 2020 18:47:49 GMT - Info - Server is running on port: 3030
Sat, 01 Feb 2020 19:29:45 GMT - Info - Server is running on port: 3030
Sat, 01 Feb 2020 19:29:46 GMT - Info - Server is running on port: 3030
Sat, 01 Feb 2020 20:42:25 GMT - Info - Server is running on port: 3030
Sat, 01 Feb 2020 20:44:33 GMT - Info - Server is running on port: 3030
Sat, 01 Feb 2020 20:44:34 GMT - Info - Server is running on port: 3030
Sat, 01 Feb 2020 21:05:45 GMT - Info - Server is running on port: 3030
Sat, 01 Feb 2020 21:06:15 GMT - Debug - auth.service - login with email: paolo.groppi@gmail.com
Sat, 01 Feb 2020 21:07:48 GMT - Info - Server is running on port: 3030
Sat, 01 Feb 2020 21:07:49 GMT - Info - Server is running on port: 3030
Sat, 01 Feb 2020 21:08:22 GMT - Debug - auth.service - login with email: paolo.groppi@gmail.com
Sat, 01 Feb 2020 23:50:16 GMT - Info - Server is running on port: 3030
Sat, 01 Feb 2020 23:52:11 GMT - Info - Server is running on port: 3030
Sat, 01 Feb 2020 23:52:13 GMT - Info - Server is running on port: 3030
Sun, 02 Feb 2020 07:01:25 GMT - Info - Server is running on port: 3030
Sun, 02 Feb 2020 07:44:58 GMT - Info - Server is running on port: 3030
Sun, 02 Feb 2020 08:11:00 GMT - Info - Server is running on port: 3030
Sun, 02 Feb 2020 08:11:01 GMT - Info - Server is running on port: 3030
Sun, 02 Feb 2020 08:21:35 GMT - Info - Server is running on port: 3030
Sun, 02 Feb 2020 08:24:18 GMT - Info - Server is running on port: 3030
Sun, 02 Feb 2020 08:24:21 GMT - Info - Server is running on port: 3030
Sun, 02 Feb 2020 08:25:25 GMT - Info - Server is running on port: 3030
Sun, 02 Feb 2020 09:06:41 GMT - Info - Server is running on port: 3030
Sun, 02 Feb 2020 09:06:43 GMT - Info - Server is running on port: 3030
Sun, 02 Feb 2020 09:26:55 GMT - Info - Server is running on port: 3030
Sun, 02 Feb 2020 09:32:42 GMT - Debug - auth.service - login with email: batalinvlad@gmail.com
Sun, 02 Feb 2020 10:41:57 GMT - Info - Server is running on port: 3030
Sun, 02 Feb 2020 10:49:03 GMT - Info - Server is running on port: 3030
Sun, 02 Feb 2020 10:49:06 GMT - Info - Server is running on port: 3030
Sun, 02 Feb 2020 12:30:51 GMT - Info - Server is running on port: 3030
Sun, 02 Feb 2020 12:31:08 GMT - Debug - auth.service - login with email: vladbald@gmail.com
Sun, 02 Feb 2020 11:59:07 GMT - Info - Server is running on port: 3030
Sun, 02 Feb 2020 12:00:06 GMT - Debug - auth.service - login with email: paolo.groppi@gmail.com
Sun, 02 Feb 2020 12:01:19 GMT - Debug - auth.service - login with email: paolo.groppi@gmail.com
Sun, 02 Feb 2020 12:08:27 GMT - Debug - auth.service - login with email: paolo.groppi@gmail.com
Sun, 02 Feb 2020 12:09:59 GMT - Debug - auth.service - login with email: paolo.groppi@gmail.com
Sun, 02 Feb 2020 12:20:47 GMT - Info - Server is running on port: 3030
Sun, 02 Feb 2020 12:21:10 GMT - Debug - auth.service - login with email: paolo.groppi@gmail.com
Sun, 02 Feb 2020 13:00:00 GMT - Error - ERROR: Cannot find board
Sun, 02 Feb 2020 13:00:00 GMT - Error - Cannot get board
Sun, 02 Feb 2020 13:12:10 GMT - Info - Server is running on port: 3030
Sun, 02 Feb 2020 13:12:11 GMT - Info - Server is running on port: 3030
Sun, 02 Feb 2020 13:34:23 GMT - Info - Server is running on port: 3030
Sun, 02 Feb 2020 13:41:42 GMT - Info - Server is running on port: 3030
Sun, 02 Feb 2020 13:41:44 GMT - Info - Server is running on port: 3030
Sun, 02 Feb 2020 13:10:14 GMT - Info - Server is running on port: 3030

Thu, 06 Feb 2020 08:48:16 GMT - Info - Server is running on port: 3030
Thu, 06 Feb 2020 08:49:25 GMT - Debug - auth.service - login with email: paolo.groppi@gmail.com
Thu, 06 Feb 2020 08:50:42 GMT - Info - Server is running on port: 3030
Thu, 06 Feb 2020 08:50:55 GMT - Debug - auth.service - login with email: paolo.groppi@gmail.com
Thu, 06 Feb 2020 11:50:20 GMT - Info - Server is running on port: 3030
Thu, 06 Feb 2020 11:50:34 GMT - Info - Server is running on port: 3030
Thu, 06 Feb 2020 11:50:40 GMT - Info - Server is running on port: 3030
Thu, 06 Feb 2020 11:51:15 GMT - Info - Server is running on port: 3030
Thu, 06 Feb 2020 11:51:25 GMT - Info - Server is running on port: 3030
Thu, 06 Feb 2020 11:52:05 GMT - Info - Server is running on port: 3030
Thu, 06 Feb 2020 11:52:15 GMT - Info - Server is running on port: 3030
Thu, 06 Feb 2020 11:52:23 GMT - Info - Server is running on port: 3030

Fri, 07 Feb 2020 09:09:04 GMT - Info - Server is running on port: 3030
Fri, 07 Feb 2020 09:10:09 GMT - Debug - auth.service - login with email: paolo.groppi@gmail.com
Fri, 07 Feb 2020 09:35:21 GMT - Info - Server is running on port: 3030
Fri, 07 Feb 2020 09:35:33 GMT - Info - Server is running on port: 3030
Fri, 07 Feb 2020 09:36:26 GMT - Info - Server is running on port: 3030
Fri, 07 Feb 2020 09:56:52 GMT - Error - ERROR: Cannot find board
Fri, 07 Feb 2020 09:56:52 GMT - Error - Cannot get board
Fri, 07 Feb 2020 09:57:36 GMT - Error - ERROR: Cannot find board
Fri, 07 Feb 2020 09:57:36 GMT - Error - Cannot get board
Fri, 07 Feb 2020 09:58:35 GMT - Error - ERROR: Cannot find board
Fri, 07 Feb 2020 09:58:35 GMT - Error - Cannot get board
Fri, 07 Feb 2020 10:03:03 GMT - Info - Server is running on port: 3030
Fri, 07 Feb 2020 10:03:26 GMT - Info - Server is running on port: 3030
Fri, 07 Feb 2020 10:54:27 GMT - Info - Server is running on port: 3030
Fri, 07 Feb 2020 10:54:58 GMT - Info - Server is running on port: 3030
Fri, 07 Feb 2020 11:14:28 GMT - Info - Server is running on port: 3030
Fri, 07 Feb 2020 11:20:36 GMT - Info - Server is running on port: 3030
Fri, 07 Feb 2020 11:20:53 GMT - Info - Server is running on port: 3030
Fri, 07 Feb 2020 11:20:58 GMT - Info - Server is running on port: 3030
Fri, 07 Feb 2020 18:11:08 GMT - Info - Server is running on port: 3030

Fri, 07 Feb 2020 18:12:59 GMT - Info - Server is running on port: 3030

Fri, 07 Feb 2020 18:32:54 GMT - Debug - auth.service - login with email: paolo.groppi@gmail.com

Fri, 07 Feb 2020 18:26:25 GMT - Debug - auth.service - login with email: vladbald@gmail.com

Fri, 07 Feb 2020 20:23:05 GMT - Info - Server is running on port: 3030
Sat, 08 Feb 2020 10:19:18 GMT - Info - Server is running on port: 3030
Sat, 08 Feb 2020 10:47:17 GMT - Error - ERROR: Cannot find board
Sat, 08 Feb 2020 10:47:17 GMT - Error - Cannot get board
Sat, 08 Feb 2020 10:47:20 GMT - Error - ERROR: Cannot find board
Sat, 08 Feb 2020 10:47:20 GMT - Error - Cannot get board
Sat, 08 Feb 2020 10:47:43 GMT - Error - ERROR: Cannot find board
Sat, 08 Feb 2020 10:47:43 GMT - Error - Cannot get board
Sat, 08 Feb 2020 10:47:52 GMT - Error - ERROR: Cannot find board
Sat, 08 Feb 2020 10:47:52 GMT - Error - Cannot get board
Sat, 08 Feb 2020 10:48:05 GMT - Error - ERROR: Cannot find board
Sat, 08 Feb 2020 10:48:05 GMT - Error - Cannot get board
Sat, 08 Feb 2020 10:48:07 GMT - Error - ERROR: Cannot find board
Sat, 08 Feb 2020 10:48:07 GMT - Error - Cannot get board
Sat, 08 Feb 2020 10:48:10 GMT - Error - ERROR: Cannot find board
Sat, 08 Feb 2020 10:48:10 GMT - Error - Cannot get board
Sat, 08 Feb 2020 10:48:34 GMT - Error - ERROR: Cannot find board
Sat, 08 Feb 2020 10:48:34 GMT - Error - Cannot get board
Sat, 08 Feb 2020 10:48:38 GMT - Error - ERROR: Cannot find board
Sat, 08 Feb 2020 10:48:38 GMT - Error - Cannot get board
Sat, 08 Feb 2020 11:32:34 GMT - Info - Server is running on port: 3030
Sat, 08 Feb 2020 16:27:10 GMT - Debug - auth.service - login with email: paolo.groppi@gmail.com
Sat, 08 Feb 2020 16:27:51 GMT - Info - Server is running on port: 3030
Sat, 08 Feb 2020 16:28:03 GMT - Debug - auth.service - login with email: paolo.groppi@gmail.com
Sat, 08 Feb 2020 16:38:54 GMT - Info - Server is running on port: 3030
Sat, 08 Feb 2020 16:38:55 GMT - Info - Server is running on port: 3030
Sat, 08 Feb 2020 16:39:19 GMT - Info - Server is running on port: 3030
Sat, 08 Feb 2020 16:40:34 GMT - Debug - auth.service - login with email: paolo.groppi@gmail.com
Sat, 08 Feb 2020 16:41:50 GMT - Debug - auth.service - login with email: paolo.groppi@gmail.com
Sat, 08 Feb 2020 16:42:35 GMT - Debug - auth.service - login with email: paolo.groppi@gmail.com
Sat, 08 Feb 2020 16:42:50 GMT - Debug - auth.service - login with email: paolo.groppi@gmail.com
Sat, 08 Feb 2020 16:43:44 GMT - Debug - auth.service - login with email: paolo.groppi@gmail.com
Sat, 08 Feb 2020 16:51:22 GMT - Debug - auth.service - login with email: paolo.groppi@gmail.com
Sat, 08 Feb 2020 17:20:08 GMT - Info - Server is running on port: 3030
Sat, 08 Feb 2020 17:21:23 GMT - Debug - auth.service - login with email: paolo.groppi@gmail.com
Sat, 08 Feb 2020 18:11:21 GMT - Debug - bla,bla,bla@bla.com, bla, 1234
Sat, 08 Feb 2020 18:11:21 GMT - Debug - auth.service - signup with email: bla@bla.com, username: bla
Sat, 08 Feb 2020 18:11:22 GMT - Debug - auth.route - new account created: {"firstName":"bla","lastName":"bla","email":"bla@bla.com","password":"$2b$10$VLL8HUgquRYgP1nfprEXxOR3QwvWB4rD8U6rkijG21VTqFv/cUYFa","username":"bla","_id":"5e3ef9c9d0e26516688836e5"}
Sat, 08 Feb 2020 18:11:22 GMT - Debug - auth.service - login with email: bla@bla.com
Sat, 08 Feb 2020 18:24:34 GMT - Debug - auth.service - login with email: bla@bla.com
Sat, 08 Feb 2020 18:27:27 GMT - Info - Server is running on port: 3030
Sat, 08 Feb 2020 18:27:28 GMT - Info - Server is running on port: 3030
Sat, 08 Feb 2020 18:43:46 GMT - Info - Server is running on port: 3030
Sat, 08 Feb 2020 18:43:48 GMT - Info - Server is running on port: 3030
Sat, 08 Feb 2020 21:02:10 GMT - Info - Server is running on port: 3030
Sat, 08 Feb 2020 21:05:11 GMT - Debug - auth.service - login with email: paolo.groppi@gmail.com
Sat, 08 Feb 2020 21:06:24 GMT - Debug - auth.service - login with email: paolo.groppi@gmail.com
Sat, 08 Feb 2020 22:31:55 GMT - Debug - bla,bla,bla@bla.com, bla, 123456
Sat, 08 Feb 2020 22:31:55 GMT - Debug - auth.service - signup with email: bla@bla.com, username: bla
Sat, 08 Feb 2020 22:31:56 GMT - Debug - auth.route - new account created: {"firstName":"bla","lastName":"bla","email":"bla@bla.com","password":"$2b$10$Wzpz0RZlNsa1JdJecOh9NOU4kQZM21iUQIIufdh/AUeZ6J0qILbti","username":"bla","_id":"5e3f36dc0853983c8c9757d1"}
Sat, 08 Feb 2020 22:31:56 GMT - Debug - auth.service - login with email: bla@bla.com
Sat, 08 Feb 2020 22:32:25 GMT - Debug - auth.service - login with email: paolo.groppi@gmail.com
Sat, 08 Feb 2020 22:33:32 GMT - Debug - auth.service - login with email: bla@bla.com
Sat, 08 Feb 2020 22:35:31 GMT - Debug - auth.service - login with email: paolo.groppi@gmail.com
Sat, 08 Feb 2020 22:38:18 GMT - Debug - auth.service - login with email: bla@bla.com
Sat, 08 Feb 2020 22:48:29 GMT - Debug - auth.service - login with email: paolo.groppi@gmail.com
Sat, 08 Feb 2020 22:50:09 GMT - Info - Server is running on port: 3030
Sat, 08 Feb 2020 22:50:10 GMT - Info - Server is running on port: 3030
Mon, 10 Feb 2020 12:13:52 GMT - Info - Server is running on port: 3030
Mon, 10 Feb 2020 12:14:07 GMT - Info - Server is running on port: 3030
Mon, 10 Feb 2020 12:14:19 GMT - Debug - auth.service - login with email: paolo.groppi@gmail.com
Mon, 10 Feb 2020 12:18:14 GMT - Debug - auth.service - login with email: paolo.groppi@gmail.com
Mon, 10 Feb 2020 12:19:32 GMT - Info - Server is running on port: 3030
Mon, 10 Feb 2020 12:20:59 GMT - Debug - auth.service - login with email: paolo.groppi@gmail.com
Mon, 10 Feb 2020 12:28:04 GMT - Info - Server is running on port: 3030
Mon, 10 Feb 2020 12:28:06 GMT - Info - Server is running on port: 3030
Mon, 10 Feb 2020 12:34:30 GMT - Info - Server is running on port: 3030
Mon, 10 Feb 2020 13:03:13 GMT - Debug - auth.service - login with email: paolo.groppi@gmail.com
Mon, 10 Feb 2020 13:34:13 GMT - Debug - auth.service - login with email: paolo.groppi@gmail.com
Mon, 10 Feb 2020 13:35:03 GMT - Debug - auth.service - login with email: paolo.groppi@gmail.com
Mon, 10 Feb 2020 13:46:07 GMT - Debug - auth.service - login with email: paolo.groppi@gmail.com
Mon, 10 Feb 2020 14:28:50 GMT - Info - Server is running on port: 3030
Mon, 10 Feb 2020 14:29:10 GMT - Info - Server is running on port: 3030
Mon, 10 Feb 2020 14:29:19 GMT - Info - Server is running on port: 3030
Mon, 10 Feb 2020 14:29:21 GMT - Info - Server is running on port: 3030
Mon, 10 Feb 2020 14:32:18 GMT - Info - Server is running on port: 3030
Mon, 10 Feb 2020 15:08:29 GMT - Debug - auth.service - login with email: paolo.groppi@gmail.com
Mon, 10 Feb 2020 18:41:08 GMT - Info - Server is running on port: 3030
Mon, 10 Feb 2020 18:41:09 GMT - Info - Server is running on port: 3030
Mon, 10 Feb 2020 18:48:33 GMT - Info - Server is running on port: 3030
Mon, 10 Feb 2020 18:49:33 GMT - Info - Server is running on port: 3030
Mon, 10 Feb 2020 18:51:53 GMT - Info - Server is running on port: 3030
Mon, 10 Feb 2020 18:51:55 GMT - Info - Server is running on port: 3030
Mon, 10 Feb 2020 18:53:44 GMT - Info - Server is running on port: 3030
Mon, 10 Feb 2020 18:53:46 GMT - Info - Server is running on port: 3030
Mon, 10 Feb 2020 18:58:06 GMT - Info - Server is running on port: 3030
Mon, 10 Feb 2020 18:58:15 GMT - Info - Server is running on port: 3030
Mon, 10 Feb 2020 18:58:28 GMT - Debug - auth.service - login with email: paolo.groppi@gmail.com
Mon, 10 Feb 2020 18:59:09 GMT - Info - Server is running on port: 3030
Mon, 10 Feb 2020 18:59:14 GMT - Info - Server is running on port: 3030
Mon, 10 Feb 2020 18:59:27 GMT - Debug - auth.service - login with email: paolo.groppi@gmail.com
Mon, 10 Feb 2020 19:02:04 GMT - Info - Server is running on port: 3030
Mon, 10 Feb 2020 19:02:16 GMT - Info - Server is running on port: 3030
Mon, 10 Feb 2020 19:02:21 GMT - Info - Server is running on port: 3030
Mon, 10 Feb 2020 19:09:51 GMT - Info - Server is running on port: 3030
Mon, 10 Feb 2020 19:15:19 GMT - Info - Server is running on port: 3030
Mon, 10 Feb 2020 19:15:19 GMT - Debug - auth.service - login with email: paolo.groppi@gmail.com
Mon, 10 Feb 2020 19:15:19 GMT - Debug - auth.service - login with email: paolo.groppi@gmail.com
Mon, 10 Feb 2020 19:15:27 GMT - Info - Server is running on port: 3030
Mon, 10 Feb 2020 19:15:29 GMT - Info - Server is running on port: 3030
Mon, 10 Feb 2020 19:16:18 GMT - Info - Server is running on port: 3030
Mon, 10 Feb 2020 19:17:01 GMT - Info - Server is running on port: 3030
Mon, 10 Feb 2020 19:19:49 GMT - Debug - auth.service - login with email: paolo.groppi@gmail.com
Mon, 10 Feb 2020 19:24:58 GMT - Info - Server is running on port: 3030
Mon, 10 Feb 2020 19:24:59 GMT - Info - Server is running on port: 3030
Mon, 10 Feb 2020 19:25:53 GMT - Info - Server is running on port: 3030
Mon, 10 Feb 2020 19:25:55 GMT - Info - Server is running on port: 3030
Mon, 10 Feb 2020 20:49:03 GMT - Info - Server is running on port: 3030
Tue, 11 Feb 2020 08:26:04 GMT - Debug - auth.service - login with email: paolo.groppi@gmail.com

Tue, 11 Feb 2020 07:59:59 GMT - Info - Server is running on port: 3030
Tue, 11 Feb 2020 08:00:56 GMT - Debug - auth.service - login with email: vladbald@gmail.com
Tue, 11 Feb 2020 08:01:02 GMT - Debug - auth.service - login with email: vladbald@gmail.com
Tue, 11 Feb 2020 08:01:22 GMT - Debug - auth.service - login with email: vladbald@gmail.com
=======
Wed, 12 Feb 2020 13:08:26 GMT - Info - Server is running on port: 3030
Wed, 12 Feb 2020 13:52:00 GMT - Debug - auth.service - login with email: batalinvlad@gmail.com
Wed, 12 Feb 2020 16:35:42 GMT - Debug - auth.service - login with email: batalinvlad@gmail.com
Thu, 13 Feb 2020 08:18:32 GMT - Info - Server is running on port: 3030
Thu, 13 Feb 2020 08:19:47 GMT - Info - Server is running on port: 3030
Thu, 13 Feb 2020 08:23:45 GMT - Info - Server is running on port: 3030
Thu, 13 Feb 2020 08:23:54 GMT - Debug - auth.service - login with email: vladbald@gmail.com
Thu, 13 Feb 2020 08:49:42 GMT - Info - Server is running on port: 3030
Thu, 13 Feb 2020 09:30:56 GMT - Info - Server is running on port: 3030
Thu, 13 Feb 2020 15:25:32 GMT - Info - Server is running on port: 3030
Thu, 13 Feb 2020 15:26:32 GMT - Debug - auth.service - login with email: batalinvlad@gmail.com
Thu, 13 Feb 2020 15:36:31 GMT - Info - Server is running on port: 3030
Thu, 13 Feb 2020 15:44:10 GMT - Debug - auth.service - login with email: paolo.groppi@gmail.com
Thu, 29 Oct 2020 13:38:34 GMT - Info - Server is running on port: 3030
Thu, 29 Oct 2020 13:38:45 GMT - Info - Server is running on port: 3030
Thu, 29 Oct 2020 13:38:52 GMT - Info - Server is running on port: 3030
Thu, 29 Oct 2020 13:47:10 GMT - Info - Server is running on port: 3030
Thu, 29 Oct 2020 13:49:09 GMT - Info - Server is running on port: 3030
Thu, 29 Oct 2020 13:52:21 GMT - Info - Server is running on port: 3030
Thu, 29 Oct 2020 13:56:01 GMT - Info - Server is running on port: 3030
Thu, 29 Oct 2020 14:03:23 GMT - Info - Server is running on port: 3030
Thu, 29 Oct 2020 14:03:26 GMT - Info - Server is running on port: 3030
Thu, 29 Oct 2020 14:05:13 GMT - Info - Server is running on port: 3030
Thu, 29 Oct 2020 14:05:45 GMT - Info - Server is running on port: 3030
Thu, 29 Oct 2020 14:09:22 GMT - Info - Server is running on port: 3030
Thu, 29 Oct 2020 14:10:31 GMT - Info - Server is running on port: 3030
Thu, 29 Oct 2020 14:11:40 GMT - Info - Server is running on port: 3030
Thu, 29 Oct 2020 14:12:48 GMT - Info - Server is running on port: 3030
Thu, 29 Oct 2020 14:14:16 GMT - Info - Server is running on port: 3030
Thu, 29 Oct 2020 14:16:00 GMT - Info - Server is running on port: 3030
Thu, 29 Oct 2020 14:16:34 GMT - Info - Server is running on port: 3030
Thu, 29 Oct 2020 14:17:14 GMT - Info - Server is running on port: 3030
Thu, 29 Oct 2020 14:18:42 GMT - Info - Server is running on port: 3030
Thu, 29 Oct 2020 14:19:54 GMT - Info - Server is running on port: 3030
Thu, 29 Oct 2020 14:20:32 GMT - Info - Server is running on port: 3030
Thu, 29 Oct 2020 14:21:03 GMT - Info - Server is running on port: 3030
Thu, 29 Oct 2020 14:22:11 GMT - Info - Server is running on port: 3030
Thu, 29 Oct 2020 14:22:29 GMT - Info - Server is running on port: 3030
Thu, 29 Oct 2020 14:28:05 GMT - Info - Server is running on port: 3030
Thu, 29 Oct 2020 14:32:58 GMT - Info - Server is running on port: 3030
Thu, 29 Oct 2020 14:34:28 GMT - Info - Server is running on port: 3030
Thu, 29 Oct 2020 14:36:38 GMT - Info - Server is running on port: 3030
Thu, 29 Oct 2020 14:38:21 GMT - Info - Server is running on port: 3030
Thu, 29 Oct 2020 14:40:58 GMT - Info - Server is running on port: 3030
Thu, 29 Oct 2020 14:43:08 GMT - Info - Server is running on port: 3030
Thu, 29 Oct 2020 14:43:29 GMT - Info - Server is running on port: 3030
Thu, 29 Oct 2020 14:49:35 GMT - Info - Server is running on port: 3030
Thu, 29 Oct 2020 14:57:50 GMT - Info - Server is running on port: 3030
Thu, 29 Oct 2020 14:57:59 GMT - Info - Server is running on port: 3030
Thu, 29 Oct 2020 14:59:04 GMT - Info - Server is running on port: 3030
Thu, 05 Nov 2020 09:13:19 GMT - Info - Server is running on port: 3030
Thu, 05 Nov 2020 09:31:20 GMT - Info - Server is running on port: 3030
Thu, 05 Nov 2020 09:32:43 GMT - Info - Server is running on port: 3030
Thu, 05 Nov 2020 09:40:23 GMT - Info - Server is running on port: 3030
Thu, 05 Nov 2020 09:43:07 GMT - Info - Server is running on port: 3030
Thu, 05 Nov 2020 09:45:38 GMT - Info - Server is running on port: 3030
Thu, 05 Nov 2020 09:48:08 GMT - Info - Server is running on port: 3030
Thu, 05 Nov 2020 10:01:33 GMT - Info - Server is running on port: 3030
Thu, 05 Nov 2020 10:05:27 GMT - Info - Server is running on port: 3030
Thu, 05 Nov 2020 10:05:43 GMT - Info - Server is running on port: 3030
Thu, 05 Nov 2020 10:06:52 GMT - Info - Server is running on port: 3030
Thu, 05 Nov 2020 10:07:57 GMT - Info - Server is running on port: 3030
Thu, 05 Nov 2020 10:27:12 GMT - Info - Server is running on port: 3030
Thu, 05 Nov 2020 10:28:27 GMT - Info - Server is running on port: 3030
Thu, 05 Nov 2020 10:28:54 GMT - Debug - monday.service - new user created: {"userId":"test","_id":"5fa3d3e69919d73b64ec5432"}
Thu, 05 Nov 2020 10:36:15 GMT - Info - Server is running on port: 3030
Thu, 05 Nov 2020 10:36:41 GMT - Debug - monday.service - new user created: {"userId":"test","_id":"5fa3d5b93354d857a40a915a"}
Thu, 05 Nov 2020 10:38:09 GMT - Info - Server is running on port: 3030
Thu, 05 Nov 2020 10:38:46 GMT - Debug - monday.service - new user created: {"userId":"test","token":"eyJhbGciOiJIUzI1NiJ9.eyJ0aWQiOjkwMDYwMTk0LCJ1aWQiOjE1MzMyMDM1LCJpYWQiOiIyMDIwLTExLTA1VDEwOjM4OjQ1LjAwMFoiLCJwZXIiOiJib2FyZHM6cmVhZCxib2FyZHM6d3JpdGUsbWU6cmVhZCJ9.jAw7hCv3v-gPaf_pXv1sktcM_ySBxL8LrVlTGSWDoDI","_id":"5fa3d636f8463057e0b21a5d"}
Thu, 05 Nov 2020 11:53:03 GMT - Info - Server is running on port: 3030
Thu, 05 Nov 2020 11:53:09 GMT - Debug - monday.service - new user created: {"userId":"test","token":"eyJhbGciOiJIUzI1NiJ9.eyJ0aWQiOjkwMDY2MTczLCJ1aWQiOjE1MzMyMDM1LCJpYWQiOiIyMDIwLTExLTA1VDExOjUzOjA4LjAwMFoiLCJwZXIiOiJib2FyZHM6cmVhZCxib2FyZHM6d3JpdGUsbWU6cmVhZCJ9.B14vklrhlKHV7Zq4UT1uVduLelAqGhmw98tx5q5K4MY","_id":"5fa3e7a4644a9726a8428a88"}
Thu, 05 Nov 2020 11:55:06 GMT - Info - Server is running on port: 3030
Thu, 05 Nov 2020 11:55:31 GMT - Debug - monday.service - new user created: {"userId":"test","_id":"5fa3e833302c9c2e08e9ffd5"}
Thu, 05 Nov 2020 11:57:47 GMT - Info - Server is running on port: 3030
Thu, 05 Nov 2020 11:57:48 GMT - Info - Server is running on port: 3030
Thu, 05 Nov 2020 11:58:29 GMT - Debug - monday.service - new user created: {"userId":"test","_id":"5fa3e8e4dae1185144af754a"}
Thu, 05 Nov 2020 11:58:44 GMT - Info - Server is running on port: 3030
Thu, 05 Nov 2020 11:58:55 GMT - Debug - monday.service - new user created: {"userId":"test","token":"eyJhbGciOiJIUzI1NiJ9.eyJ0aWQiOjkwMDY2NzIwLCJ1aWQiOjE1MzMyMDM1LCJpYWQiOiIyMDIwLTExLTA1VDExOjU4OjU0LjAwMFoiLCJwZXIiOiJib2FyZHM6cmVhZCxib2FyZHM6d3JpdGUsbWU6cmVhZCJ9.dLdTkHcclqhNB-m450cf0vZrz9K3Q7dtef64STTm8S0","_id":"5fa3e8ff90a38e2d50d57ac7"}
Thu, 05 Nov 2020 12:07:07 GMT - Info - Server is running on port: 3030
Thu, 05 Nov 2020 12:10:11 GMT - Debug - monday.service - new user created: {"userEmail":"test","token":"eyJhbGciOiJIUzI1NiJ9.eyJ0aWQiOjkwMDY3NjU5LCJ1aWQiOjE1MzMyMDM1LCJpYWQiOiIyMDIwLTExLTA1VDEyOjEwOjEwLjAwMFoiLCJwZXIiOiJib2FyZHM6cmVhZCxib2FyZHM6d3JpdGUsbWU6cmVhZCJ9.uek7aaamUvRK18R56qH4oRX4rV0Zkn_nMZ1m5RS32rA","_id":"5fa3eba2c1e9261bfc451cc9"}
Thu, 05 Nov 2020 12:11:57 GMT - Debug - monday.service - new user created: {"userEmail":"test","token":"eyJhbGciOiJIUzI1NiJ9.eyJ0aWQiOjkwMDY3ODM2LCJ1aWQiOjE1MzMyMDM1LCJpYWQiOiIyMDIwLTExLTA1VDEyOjExOjU2LjAwMFoiLCJwZXIiOiJib2FyZHM6cmVhZCxib2FyZHM6d3JpdGUsbWU6cmVhZCJ9.us79Qafc6A2nQH7YQ6Er6cLWGIJaecRUKAeLmdMxgVY","_id":"5fa3ec0cc1e9261bfc451cca"}
Thu, 05 Nov 2020 12:21:12 GMT - Info - Server is running on port: 3030
Thu, 05 Nov 2020 12:21:17 GMT - Info - Server is running on port: 3030
Thu, 05 Nov 2020 12:58:07 GMT - Info - Server is running on port: 3030
Thu, 05 Nov 2020 12:59:26 GMT - Info - Server is running on port: 3030
Thu, 05 Nov 2020 12:59:37 GMT - Info - Server is running on port: 3030
Thu, 05 Nov 2020 13:02:29 GMT - Info - Server is running on port: 3030
Thu, 05 Nov 2020 13:05:56 GMT - Info - Server is running on port: 3030
Thu, 05 Nov 2020 13:06:32 GMT - Info - Server is running on port: 3030
Thu, 05 Nov 2020 13:07:31 GMT - Info - Server is running on port: 3030
Thu, 05 Nov 2020 13:08:54 GMT - Error - ERROR: Cannot find user
Thu, 05 Nov 2020 13:09:07 GMT - Info - Server is running on port: 3030
Thu, 05 Nov 2020 14:14:24 GMT - Info - Server is running on port: 3030
Thu, 05 Nov 2020 14:57:36 GMT - Info - Server is running on port: 3030
Thu, 05 Nov 2020 14:57:38 GMT - Info - Server is running on port: 3030
Thu, 05 Nov 2020 14:57:47 GMT - Info - Server is running on port: 3030
Thu, 05 Nov 2020 15:00:08 GMT - Info - Server is running on port: 3030
Thu, 05 Nov 2020 15:00:11 GMT - Info - Server is running on port: 3030
Thu, 05 Nov 2020 15:01:58 GMT - Info - Server is running on port: 3030
Thu, 05 Nov 2020 15:03:50 GMT - Info - Server is running on port: 3030
Mon, 09 Nov 2020 07:22:03 GMT - Info - Server is running on port: 3030
Mon, 09 Nov 2020 07:33:10 GMT - Info - Server is running on port: 3030
Mon, 09 Nov 2020 07:37:17 GMT - Info - Server is running on port: 3030
Mon, 09 Nov 2020 07:37:53 GMT - Error - ERROR: could get user
Mon, 09 Nov 2020 07:38:43 GMT - Info - Server is running on port: 3030
Mon, 09 Nov 2020 07:39:08 GMT - Error - ERROR: could get user
Mon, 09 Nov 2020 07:39:10 GMT - Error - ERROR: could get user
Mon, 09 Nov 2020 07:39:10 GMT - Error - ERROR: could get user
Mon, 09 Nov 2020 07:40:01 GMT - Info - Server is running on port: 3030
Mon, 09 Nov 2020 07:40:03 GMT - Error - ERROR: could get user
Mon, 09 Nov 2020 07:45:10 GMT - Error - ERROR: could get user
Mon, 09 Nov 2020 07:45:11 GMT - Error - ERROR: could get user
Mon, 09 Nov 2020 07:45:11 GMT - Error - ERROR: could get user
Mon, 09 Nov 2020 07:45:12 GMT - Error - ERROR: could get user
Mon, 09 Nov 2020 07:45:12 GMT - Error - ERROR: could get user
Mon, 09 Nov 2020 07:45:12 GMT - Error - ERROR: could get user
Mon, 09 Nov 2020 07:45:12 GMT - Error - ERROR: could get user
Mon, 09 Nov 2020 07:45:14 GMT - Error - ERROR: could get user
Mon, 09 Nov 2020 07:46:09 GMT - Info - Server is running on port: 3030
Mon, 09 Nov 2020 07:46:15 GMT - Error - ERROR: could get user
Mon, 09 Nov 2020 07:46:41 GMT - Info - Server is running on port: 3030
Mon, 09 Nov 2020 07:53:43 GMT - Info - Server is running on port: 3030
Mon, 09 Nov 2020 07:54:24 GMT - Info - Server is running on port: 3030
Mon, 09 Nov 2020 07:55:59 GMT - Info - Server is running on port: 3030
Mon, 09 Nov 2020 07:56:23 GMT - Info - Server is running on port: 3030
Mon, 09 Nov 2020 07:56:57 GMT - Info - Server is running on port: 3030
Mon, 09 Nov 2020 07:57:09 GMT - Info - Server is running on port: 3030
Mon, 09 Nov 2020 07:57:17 GMT - Info - Server is running on port: 3030
Mon, 09 Nov 2020 08:41:04 GMT - Info - Server is running on port: 3030
Mon, 09 Nov 2020 09:04:25 GMT - Info - Server is running on port: 3030
Mon, 09 Nov 2020 09:05:41 GMT - Info - Server is running on port: 3030
Mon, 09 Nov 2020 09:07:15 GMT - Info - Server is running on port: 3030
Mon, 09 Nov 2020 09:13:16 GMT - Info - Server is running on port: 3030
Mon, 09 Nov 2020 09:13:19 GMT - Info - Server is running on port: 3030
Mon, 09 Nov 2020 09:18:16 GMT - Info - Server is running on port: 3030
Mon, 09 Nov 2020 09:18:26 GMT - Error - ERROR: Cannot find user
Mon, 09 Nov 2020 09:20:28 GMT - Info - Server is running on port: 3030
Mon, 09 Nov 2020 09:20:29 GMT - Info - Server is running on port: 3030
Mon, 09 Nov 2020 09:21:49 GMT - Info - Server is running on port: 3030
Mon, 09 Nov 2020 09:21:59 GMT - Info - Server is running on port: 3030
Mon, 09 Nov 2020 09:22:09 GMT - Info - Server is running on port: 3030
Mon, 09 Nov 2020 09:24:40 GMT - Info - Server is running on port: 3030
Mon, 09 Nov 2020 09:28:09 GMT - Info - Server is running on port: 3030
Mon, 09 Nov 2020 09:29:36 GMT - Info - Server is running on port: 3030
Mon, 09 Nov 2020 09:29:40 GMT - Info - Server is running on port: 3030
Mon, 09 Nov 2020 09:29:59 GMT - Info - Server is running on port: 3030
Mon, 09 Nov 2020 09:30:12 GMT - Debug - monday.service - new user created: {"userEmail":"outaddin20@outlook.com","token":"eyJhbGciOiJIUzI1NiJ9.eyJ0aWQiOjkwMzQwMjI2LCJ1aWQiOjE1MzMyMDM1LCJpYWQiOiIyMDIwLTExLTA5VDA5OjMwOjEyLjAwMFoiLCJwZXIiOiJib2FyZHM6cmVhZCxib2FyZHM6d3JpdGUsbWU6cmVhZCJ9.sSemr_QPfK3gT5IX1I82SriAYLiZHYe9Se3YFXI4Dm0","_id":"5fa90c24388e7f32d4d73e4c"}
Mon, 09 Nov 2020 10:09:56 GMT - Debug - monday.service - new user created: {"userEmail":"outaddin20@outlook.com","token":"eyJhbGciOiJIUzI1NiJ9.eyJ0aWQiOjkwMzQ0MDI3LCJ1aWQiOjE1MzMyMDM1LCJpYWQiOiIyMDIwLTExLTA5VDEwOjA5OjU2LjAwMFoiLCJwZXIiOiJib2FyZHM6cmVhZCxib2FyZHM6d3JpdGUsbWU6cmVhZCJ9.utUtxWv2LXTjN4GfkKUOw5z_y11tVVIDA1gacI989i4","_id":"5fa91574388e7f32d4d73e4e"}
Mon, 09 Nov 2020 10:23:45 GMT - Info - Server is running on port: 3030
Mon, 09 Nov 2020 10:27:10 GMT - Info - Server is running on port: 3030
Thu, 12 Nov 2020 07:04:31 GMT - Info - Server is running on port: 3030
Thu, 12 Nov 2020 07:07:52 GMT - Debug - monday.service - new user created: {"userEmail":"outaddin20@outlook.com","token":"eyJhbGciOiJIUzI1NiJ9.eyJ0aWQiOjkwNjkwMjU5LCJ1aWQiOjE1MzMyMDM1LCJpYWQiOiIyMDIwLTExLTEyVDA3OjA3OjUyLjAwMFoiLCJwZXIiOiJib2FyZHM6cmVhZCxib2FyZHM6d3JpdGUsbWU6cmVhZCJ9.cNKehunGhpVWoamaPa2UDJw4c_vl9e6tPPvElrM6uO8","_id":"5facdf4838586b32746da51b"}
Thu, 12 Nov 2020 07:18:18 GMT - Info - Server is running on port: 3030
Thu, 12 Nov 2020 07:43:25 GMT - Info - Server is running on port: 3030
Thu, 12 Nov 2020 07:45:01 GMT - Debug - monday.service - new user created: {"userEmail":"outaddin20@outlook.com","token":"eyJhbGciOiJIUzI1NiJ9.eyJ0aWQiOjkwNjkyNDg1LCJ1aWQiOjE1MzMyMDM1LCJpYWQiOiIyMDIwLTExLTEyVDA3OjQ1OjAxLjAwMFoiLCJwZXIiOiJib2FyZHM6cmVhZCxib2FyZHM6d3JpdGUsbWU6cmVhZCJ9.9iwEoOOcYMBuvr2X2SBCa7510lz4N1foX_-rq0bq4Vs","_id":"5face7fdf6acc02be46724aa"}
Thu, 12 Nov 2020 07:46:27 GMT - Info - Server is running on port: 3030
Thu, 12 Nov 2020 07:46:50 GMT - Debug - monday.service - new user created: {"userEmail":"outaddin20@outlook.com","token":"eyJhbGciOiJIUzI1NiJ9.eyJ0aWQiOjkwNjkyNjA3LCJ1aWQiOjE1MzMyMDM1LCJpYWQiOiIyMDIwLTExLTEyVDA3OjQ2OjQ5LjAwMFoiLCJwZXIiOiJib2FyZHM6cmVhZCxib2FyZHM6d3JpdGUsbWU6cmVhZCJ9.5u-zvzJ6R-36I-MYR8pgOlJjRnL_tqhz1T9ZQCzHmGk","userDomain":"undefined","_id":"5face86a9394863ab42c2d2f"}
Thu, 12 Nov 2020 07:48:00 GMT - Info - Server is running on port: 3030
Thu, 12 Nov 2020 07:48:22 GMT - Debug - monday.service - new user created: {"userEmail":"outaddin20@outlook.com","token":"eyJhbGciOiJIUzI1NiJ9.eyJ0aWQiOjkwNjkyNzE5LCJ1aWQiOjE1MzMyMDM1LCJpYWQiOiIyMDIwLTExLTEyVDA3OjQ4OjIxLjAwMFoiLCJwZXIiOiJib2FyZHM6cmVhZCxib2FyZHM6d3JpdGUsbWU6cmVhZCJ9.JReM27uz7Evn9WVZLe-_utcRdnApF8D6lF8ymafgRBE","userDomain":"undefined","_id":"5face8c57c3aee447c2cb0c2"}
Thu, 12 Nov 2020 07:49:10 GMT - Info - Server is running on port: 3030
Thu, 12 Nov 2020 07:50:15 GMT - Debug - monday.service - new user created: {"userEmail":"outaddin20@outlook.com","token":"eyJhbGciOiJIUzI1NiJ9.eyJ0aWQiOjkwNjkyODcxLCJ1aWQiOjE1MzMyMDM1LCJpYWQiOiIyMDIwLTExLTEyVDA3OjUwOjE1LjAwMFoiLCJwZXIiOiJib2FyZHM6cmVhZCxib2FyZHM6d3JpdGUsbWU6cmVhZCJ9.W_Ipgbu99QDySdnrJF8ogFvtN74FuW6Wqo8HfacOfrU","userDomain":"undefined","_id":"5face937dc0a4613a02c8164"}
Thu, 12 Nov 2020 07:50:40 GMT - Info - Server is running on port: 3030
Thu, 12 Nov 2020 07:51:04 GMT - Info - Server is running on port: 3030
Thu, 12 Nov 2020 07:51:21 GMT - Debug - monday.service - new user created: {"userEmail":"outaddin20@outlook.com","token":"eyJhbGciOiJIUzI1NiJ9.eyJ0aWQiOjkwNjkyOTQ1LCJ1aWQiOjE1MzMyMDM1LCJpYWQiOiIyMDIwLTExLTEyVDA3OjUxOjIwLjAwMFoiLCJwZXIiOiJib2FyZHM6cmVhZCxib2FyZHM6d3JpdGUsbWU6cmVhZCJ9.ndjAvSUr_rFl7kkXw0ldgDRtcDJ-AVfH7uLWrpwWkD4","userDomain":"ca20-company.monday.com","_id":"5face9794f673b4e74485ca4"}
Thu, 12 Nov 2020 07:52:09 GMT - Info - Server is running on port: 3030
Thu, 12 Nov 2020 08:02:01 GMT - Info - Server is running on port: 3030
Thu, 12 Nov 2020 08:12:05 GMT - Info - Server is running on port: 3030
Thu, 12 Nov 2020 08:12:18 GMT - Debug - monday.service - new user created: {"userEmail":"outaddin20@outlook.com","token":"eyJhbGciOiJIUzI1NiJ9.eyJ0aWQiOjkwNjk0NTU4LCJ1aWQiOjE1MzMyMDM1LCJpYWQiOiIyMDIwLTExLTEyVDA4OjEyOjE4LjAwMFoiLCJwZXIiOiJib2FyZHM6cmVhZCxib2FyZHM6d3JpdGUsbWU6cmVhZCJ9.IMC7xbxeiwltg8EOUAGX-zOWqx0iKcqwOBcERiuyJ-c","userDomain":"ca20-company.monday.com","_id":"5facee62afd2d70cd830c2ee"}
Thu, 12 Nov 2020 08:13:02 GMT - Info - Server is running on port: 3030
Thu, 12 Nov 2020 08:14:09 GMT - Debug - monday.service - new user created: {"userEmail":"outaddin20@outlook.com","token":"eyJhbGciOiJIUzI1NiJ9.eyJ0aWQiOjkwNjk0NzExLCJ1aWQiOjE1MzMyMDM1LCJpYWQiOiIyMDIwLTExLTEyVDA4OjE0OjA4LjAwMFoiLCJwZXIiOiJib2FyZHM6cmVhZCxib2FyZHM6d3JpdGUsbWU6cmVhZCJ9.EVClpLtqj363S1mBR5My08nT5LXYo6CveKccwP39aGw","userDomain":"ca20-company.monday.com","_id":"5faceed1dc5f202f5c235781"}
Thu, 12 Nov 2020 08:17:23 GMT - Debug - monday.service - new user created: {"userEmail":"outaddin20@outlook.com","token":"eyJhbGciOiJIUzI1NiJ9.eyJ0aWQiOjkwNjk0OTgwLCJ1aWQiOjE1MzMyMDM1LCJpYWQiOiIyMDIwLTExLTEyVDA4OjE3OjIzLjAwMFoiLCJwZXIiOiJib2FyZHM6cmVhZCxib2FyZHM6d3JpdGUsbWU6cmVhZCJ9.AtFbg-gXfNtR-UwflC2g-iWL3CDwkr70V9a6ifY0lLE","userDomain":"ca20-company.monday.com","_id":"5facef93dc5f202f5c235782"}
Thu, 12 Nov 2020 09:13:00 GMT - Debug - monday.service - new user created: {"userEmail":"outaddin20@outlook.com","token":"eyJhbGciOiJIUzI1NiJ9.eyJ0aWQiOjkwNjk5NjgzLCJ1aWQiOjE1MzMyMDM1LCJpYWQiOiIyMDIwLTExLTEyVDA5OjEzOjAwLjAwMFoiLCJwZXIiOiJib2FyZHM6cmVhZCxib2FyZHM6d3JpdGUsbWU6cmVhZCJ9.GaUvvK5traEvCV3U-zcxc5K_wyIH2faDrJKBlr6z1cI","userDomain":"ca20-company.monday.com","_id":"5facfc9cdc5f202f5c235783"}
Fri, 13 Nov 2020 12:41:30 GMT - Info - Server is running on port: 3030
Fri, 13 Nov 2020 13:14:05 GMT - Debug - monday.service - new user created: {"userEmail":"outaddin20@outlook.com","token":"eyJhbGciOiJIUzI1NiJ9.eyJ0aWQiOjkwODI4NDE1LCJ1aWQiOjE1MzMyMDM1LCJpYWQiOiIyMDIwLTExLTEzVDEzOjE0OjA1LjAwMFoiLCJwZXIiOiJib2FyZHM6cmVhZCxib2FyZHM6d3JpdGUsbWU6cmVhZCJ9._VLpjl61VAvpgXegLsMh8LfbZzWIbg193x00Xu0ZBJk","userDomain":"ca20-company.monday.com","_id":"5fae869d52826148507a2a80"}
Tue, 17 Nov 2020 13:25:18 GMT - Info - Server is running on port: 3030
Tue, 17 Nov 2020 14:39:09 GMT - Info - Server is running on port: 3030
Tue, 17 Nov 2020 14:39:53 GMT - Debug - monday.service - new user created: {"userEmail":"outaddin20@outlook.com","token":"eyJhbGciOiJIUzI1NiJ9.eyJ0aWQiOjkxMTQ5NzgyLCJ1aWQiOjE1MzMyMDM1LCJpYWQiOiIyMDIwLTExLTE3VDE0OjM5OjUzLjAwMFoiLCJwZXIiOiJib2FyZHM6cmVhZCxib2FyZHM6d3JpdGUsbWU6cmVhZCJ9.PCCyaev6zAQk-K4yNcnK5hUKCEftvn2_Wj0aFSTYmcs","userDomain":"ca20-company.monday.com","_id":"5fb3e0b978ec4f349410394b"}
Tue, 17 Nov 2020 14:40:45 GMT - Debug - monday.service - new user created: {"userEmail":"outaddin20@outlook.com","token":"eyJhbGciOiJIUzI1NiJ9.eyJ0aWQiOjkxMTQ5OTA1LCJ1aWQiOjE1MzMyMDM1LCJpYWQiOiIyMDIwLTExLTE3VDE0OjQwOjQ1LjAwMFoiLCJwZXIiOiJib2FyZHM6cmVhZCxib2FyZHM6d3JpdGUsbWU6cmVhZCJ9.SFRZBH2h0hjCMpORzHJS6uQVFa9RXrUClbQunI9gSmM","userDomain":"ca20-company.monday.com","_id":"5fb3e0ed78ec4f349410394c"}
Tue, 17 Nov 2020 14:42:17 GMT - Debug - monday.service - new user created: {"userEmail":"outaddin20@outlook.com","token":"eyJhbGciOiJIUzI1NiJ9.eyJ0aWQiOjkxMTUwMTUwLCJ1aWQiOjE1MzMyMDM1LCJpYWQiOiIyMDIwLTExLTE3VDE0OjQyOjE2LjAwMFoiLCJwZXIiOiJib2FyZHM6cmVhZCxib2FyZHM6d3JpdGUsbWU6cmVhZCJ9.ZdweHL3o4NS10bZy8THdu8xzetxfFWoCVOSCTqXWWF0","userDomain":"ca20-company.monday.com","_id":"5fb3e14978ec4f349410394d"}
Tue, 17 Nov 2020 14:47:13 GMT - Debug - monday.service - new user created: {"userEmail":"outaddin20@outlook.com","token":"eyJhbGciOiJIUzI1NiJ9.eyJ0aWQiOjkxMTUwODQ0LCJ1aWQiOjE1MzMyMDM1LCJpYWQiOiIyMDIwLTExLTE3VDE0OjQ3OjEzLjAwMFoiLCJwZXIiOiJib2FyZHM6cmVhZCxib2FyZHM6d3JpdGUsbWU6cmVhZCJ9.T87EN8dM8oW8dNrsI3MJIvUGPj8PjBXesqjg6Q47wIw","userDomain":"ca20-company.monday.com","_id":"5fb3e27178ec4f349410394e"}
Tue, 17 Nov 2020 14:48:21 GMT - Debug - monday.service - new user created: {"userEmail":"outaddin20@outlook.com","token":"eyJhbGciOiJIUzI1NiJ9.eyJ0aWQiOjkxMTUxMDI5LCJ1aWQiOjE1MzMyMDM1LCJpYWQiOiIyMDIwLTExLTE3VDE0OjQ4OjIxLjAwMFoiLCJwZXIiOiJib2FyZHM6cmVhZCxib2FyZHM6d3JpdGUsbWU6cmVhZCJ9.fBAOlZ-qmCyjBmOyuGtDcEz5X_Qi5ZHAY6Ee6ti5f-U","userDomain":"ca20-company.monday.com","_id":"5fb3e2b578ec4f349410394f"}
Tue, 17 Nov 2020 14:51:05 GMT - Info - Server is running on port: 3030
Tue, 17 Nov 2020 14:52:46 GMT - Debug - monday.service - new user created: {"userEmail":"outaddin20@outlook.com","token":"eyJhbGciOiJIUzI1NiJ9.eyJ0aWQiOjkxMTUxNjQ5LCJ1aWQiOjE1MzMyMDM1LCJpYWQiOiIyMDIwLTExLTE3VDE0OjUyOjQ1LjAwMFoiLCJwZXIiOiJib2FyZHM6cmVhZCxib2FyZHM6d3JpdGUsbWU6cmVhZCJ9.006hUTUxVKmBZ40p9cNhl3Yp_9TkdrAPCeM-6KArnio","userDomain":"ca20-company.monday.com","_id":"5fb3e3bdcae236087c2ef796"}
Tue, 17 Nov 2020 14:53:34 GMT - Info - Server is running on port: 3030
Tue, 17 Nov 2020 14:54:07 GMT - Debug - monday.service - new user created: {"userEmail":"outaddin20@outlook.com","token":"eyJhbGciOiJIUzI1NiJ9.eyJ0aWQiOjkxMTUxODkyLCJ1aWQiOjE1MzMyMDM1LCJpYWQiOiIyMDIwLTExLTE3VDE0OjU0OjA2LjAwMFoiLCJwZXIiOiJib2FyZHM6cmVhZCxib2FyZHM6d3JpdGUsbWU6cmVhZCJ9.s_oNhmow6tYD_lHoO0SuL4eU6XjcRyv7EJkGMCG51O4","userDomain":"ca20-company.monday.com","_id":"5fb3e40e7d0d7f3140cfdf17"}
Tue, 17 Nov 2020 14:56:40 GMT - Debug - monday.service - new user created: {"userEmail":"outaddin20@outlook.com","token":"eyJhbGciOiJIUzI1NiJ9.eyJ0aWQiOjkxMTUyMzA0LCJ1aWQiOjE1MzMyMDM1LCJpYWQiOiIyMDIwLTExLTE3VDE0OjU2OjM5LjAwMFoiLCJwZXIiOiJib2FyZHM6cmVhZCxib2FyZHM6d3JpdGUsbWU6cmVhZCJ9.yLU6d84jrErHE97uBw9SWCQDoLTlkamxNbBcVdi6lZw","userDomain":"ca20-company.monday.com","_id":"5fb3e4a87d0d7f3140cfdf18"}
Tue, 17 Nov 2020 15:03:12 GMT - Debug - monday.service - new user created: {"userEmail":"outaddin20@outlook.com","token":"eyJhbGciOiJIUzI1NiJ9.eyJ0aWQiOjkxMTUzMzI2LCJ1aWQiOjE1MzMyMDM1LCJpYWQiOiIyMDIwLTExLTE3VDE1OjAzOjExLjAwMFoiLCJwZXIiOiJib2FyZHM6cmVhZCxib2FyZHM6d3JpdGUsbWU6cmVhZCJ9.H4nw_WRSlHscf7woyi1YqTNLIuKR8TdKge_-87kp1Dc","userDomain":"ca20-company.monday.com","_id":"5fb3e6307d0d7f3140cfdf19"}
Tue, 17 Nov 2020 15:04:11 GMT - Info - Server is running on port: 3030
Tue, 17 Nov 2020 15:05:28 GMT - Info - Server is running on port: 3030
Tue, 17 Nov 2020 16:17:58 GMT - Info - Server is running on port: 3030
Tue, 17 Nov 2020 16:18:51 GMT - Debug - monday.service - new user created: {"userEmail":"outaddin20@outlook.com","token":"eyJhbGciOiJIUzI1NiJ9.eyJ0aWQiOjkxMTY0NDk3LCJ1aWQiOjE1MzMyMDM1LCJpYWQiOiIyMDIwLTExLTE3VDE2OjE4OjUxLjAwMFoiLCJwZXIiOiJib2FyZHM6cmVhZCxib2FyZHM6d3JpdGUsbWU6cmVhZCJ9.iyV5hfyeEVGQPd7ERhgqVtzXspZY43SJJHzKxUDO9tw","userDomain":"ca20-company.monday.com","_id":"5fb3f7ebf599962280e3e28b"}
Tue, 17 Nov 2020 16:22:44 GMT - Debug - monday.service - new user created: {"userEmail":"outaddin20@outlook.com","token":"eyJhbGciOiJIUzI1NiJ9.eyJ0aWQiOjkxMTY0OTMwLCJ1aWQiOjE1MzMyMDM1LCJpYWQiOiIyMDIwLTExLTE3VDE2OjIyOjQzLjAwMFoiLCJwZXIiOiJib2FyZHM6cmVhZCxib2FyZHM6d3JpdGUsbWU6cmVhZCJ9._JCoEZ2ZoZrKP6GcvQIDn_zquP2GibqKIc9AZTeoYLk","userDomain":"ca20-company.monday.com","_id":"5fb3f8d4f599962280e3e28c"}
Tue, 17 Nov 2020 16:23:29 GMT - Debug - monday.service - new user created: {"userEmail":"outaddin20@outlook.com","token":"eyJhbGciOiJIUzI1NiJ9.eyJ0aWQiOjkxMTY1MDI5LCJ1aWQiOjE1MzMyMDM1LCJpYWQiOiIyMDIwLTExLTE3VDE2OjIzOjI4LjAwMFoiLCJwZXIiOiJib2FyZHM6cmVhZCxib2FyZHM6d3JpdGUsbWU6cmVhZCJ9.IaveLwN0ZeS1CpwWMOy3Ys6KkG0m4ms1IDzauXyM41w","userDomain":"ca20-company.monday.com","_id":"5fb3f901f599962280e3e28d"}
Tue, 17 Nov 2020 16:25:32 GMT - Debug - monday.service - new user created: {"userEmail":"outaddin20@outlook.com","token":"eyJhbGciOiJIUzI1NiJ9.eyJ0aWQiOjkxMTY1MjYzLCJ1aWQiOjE1MzMyMDM1LCJpYWQiOiIyMDIwLTExLTE3VDE2OjI1OjMxLjAwMFoiLCJwZXIiOiJib2FyZHM6cmVhZCxib2FyZHM6d3JpdGUsbWU6cmVhZCJ9.UyEcMj-wby-XZgqiTY8FScuajZ1NqcXA1XJFKqh2AeQ","userDomain":"ca20-company.monday.com","_id":"5fb3f97bf599962280e3e28e"}
Wed, 18 Nov 2020 07:56:50 GMT - Info - Server is running on port: 3030
Wed, 18 Nov 2020 08:17:03 GMT - Debug - monday.service - new user created: {"userEmail":"outaddin20@outlook.com","token":"eyJhbGciOiJIUzI1NiJ9.eyJ0aWQiOjkxMjM1NTM0LCJ1aWQiOjE1MzMyMDM1LCJpYWQiOiIyMDIwLTExLTE4VDA4OjE3OjAyLjAwMFoiLCJwZXIiOiJib2FyZHM6cmVhZCxib2FyZHM6d3JpdGUsbWU6cmVhZCJ9.DHjplHv49Cc4V3QAChd5MikdpAlIdJrc_Z4qcraYx-g","userDomain":"ca20-company.monday.com","_id":"5fb4d87f25e3963f9c82219d"}
Wed, 18 Nov 2020 10:10:40 GMT - Info - Server is running on port: 3030
Thu, 19 Nov 2020 07:28:25 GMT - Info - Server is running on port: 3030
Thu, 19 Nov 2020 07:41:55 GMT - Info - Server is running on port: 3030
Thu, 19 Nov 2020 08:04:26 GMT - Debug - monday.service - new user created: {"userEmail":"outaddin20@outlook.com","token":"eyJhbGciOiJIUzI1NiJ9.eyJ0aWQiOjkxMzU3NDc3LCJ1aWQiOjE1MzMyMDM1LCJpYWQiOiIyMDIwLTExLTE5VDA4OjA0OjI0LjAwMFoiLCJwZXIiOiJtZTpyZWFkLGJvYXJkczpyZWFkLGJvYXJkczp3cml0ZSJ9.DZz0V1xL_sdz3_waEUIf72sXBGSfgiUhIAicLwD2UU0","userDomain":"ca20-company.monday.com","_id":"5fb6270a2671a124c8d9d808"}
Thu, 19 Nov 2020 08:04:57 GMT - Info - Server is running on port: 3030
Thu, 19 Nov 2020 09:14:51 GMT - Info - Server is running on port: 3030
Thu, 19 Nov 2020 09:16:03 GMT - Info - Server is running on port: 3030
Thu, 19 Nov 2020 09:18:30 GMT - Info - Server is running on port: 3030
Mon, 23 Nov 2020 07:20:27 GMT - Info - Server is running on port: 3030
Mon, 23 Nov 2020 11:38:48 GMT - Info - Server is running on port: 3030
Wed, 25 Nov 2020 07:13:22 GMT - Info - Server is running on port: 3030
Wed, 25 Nov 2020 07:34:12 GMT - Info - Server is running on port: 3030
Wed, 25 Nov 2020 07:34:31 GMT - Info - Server is running on port: 3030
Wed, 25 Nov 2020 08:21:51 GMT - Info - Server is running on port: 3030
Wed, 25 Nov 2020 08:22:11 GMT - Info - Server is running on port: 3030
Wed, 25 Nov 2020 12:46:01 GMT - Info - Server is running on port: 3030
Sun, 29 Nov 2020 13:53:58 GMT - Info - Server is running on port: 3030
Sun, 29 Nov 2020 15:55:51 GMT - Info - Server is running on port: 3030
Sun, 29 Nov 2020 16:38:20 GMT - Info - Server is running on port: 3030
Sun, 29 Nov 2020 16:39:47 GMT - Info - Server is running on port: 3030
Sun, 29 Nov 2020 16:44:15 GMT - Info - Server is running on port: 3030
Wed, 02 Dec 2020 11:00:24 GMT - Info - Server is running on port: 3030
Wed, 02 Dec 2020 11:08:01 GMT - Info - Server is running on port: 3030
Wed, 02 Dec 2020 11:37:28 GMT - Info - Server is running on port: 3030
Wed, 02 Dec 2020 11:38:11 GMT - Info - Server is running on port: 3030
Thu, 03 Dec 2020 13:54:57 GMT - Info - Server is running on port: 3030
Thu, 03 Dec 2020 13:55:26 GMT - Info - Server is running on port: 3030
Thu, 03 Dec 2020 15:25:07 GMT - Info - Server is running on port: 3030
Thu, 03 Dec 2020 16:46:33 GMT - Info - Server is running on port: 3030
Sun, 06 Dec 2020 15:20:29 GMT - Info - Server is running on port: 3030
Sun, 06 Dec 2020 15:24:34 GMT - Info - Server is running on port: 3030
Sun, 06 Dec 2020 15:25:00 GMT - Info - Server is running on port: 3030
Sun, 06 Dec 2020 15:30:40 GMT - Info - Server is running on port: 3030
Sun, 06 Dec 2020 15:34:55 GMT - Info - Server is running on port: 3030
Sun, 06 Dec 2020 15:35:40 GMT - Info - Server is running on port: 3030
Sun, 06 Dec 2020 15:36:41 GMT - Info - Server is running on port: 3030
Sun, 06 Dec 2020 15:43:56 GMT - Info - Server is running on port: 3030
Sun, 06 Dec 2020 16:43:54 GMT - Info - Server is running on port: 3030
Wed, 09 Dec 2020 07:44:12 GMT - Info - Server is running on port: 3030
Wed, 09 Dec 2020 13:39:40 GMT - Info - Server is running on port: 3030
Wed, 09 Dec 2020 16:27:06 GMT - Info - Server is running on port: 3030
Thu, 10 Dec 2020 11:58:20 GMT - Info - Server is running on port: 3030
Thu, 10 Dec 2020 14:36:58 GMT - Info - Server is running on port: 3030
Thu, 10 Dec 2020 14:40:06 GMT - Info - Server is running on port: 3030
Thu, 10 Dec 2020 14:40:09 GMT - Info - Server is running on port: 3030
Thu, 10 Dec 2020 14:41:42 GMT - Info - Server is running on port: 3030
Thu, 10 Dec 2020 14:48:37 GMT - Info - Server is running on port: 3030
Thu, 10 Dec 2020 14:52:26 GMT - Info - Server is running on port: 3030
Thu, 10 Dec 2020 14:52:45 GMT - Info - Server is running on port: 3030
Thu, 10 Dec 2020 14:52:54 GMT - Error - ERROR: could get user
Thu, 10 Dec 2020 14:54:31 GMT - Error - ERROR: could get user
Thu, 10 Dec 2020 14:54:37 GMT - Error - ERROR: could get user
Thu, 10 Dec 2020 14:54:41 GMT - Error - ERROR: could get user
Thu, 10 Dec 2020 14:55:04 GMT - Info - Server is running on port: 3030
Thu, 10 Dec 2020 15:22:35 GMT - Info - Server is running on port: 3030
Thu, 10 Dec 2020 15:25:32 GMT - Info - Server is running on port: 3030
Thu, 10 Dec 2020 15:40:06 GMT - Info - Server is running on port: 3030
Thu, 10 Dec 2020 15:48:47 GMT - Info - Server is running on port: 3030
Thu, 10 Dec 2020 15:49:05 GMT - Info - Server is running on port: 3030
Thu, 10 Dec 2020 16:25:09 GMT - Info - Server is running on port: 3030
Thu, 10 Dec 2020 17:47:15 GMT - Info - Server is running on port: 3030
Tue, 15 Dec 2020 11:24:30 GMT - Info - Server is running on port: 3030
Tue, 15 Dec 2020 11:24:33 GMT - Error - ERROR: could get user
Tue, 15 Dec 2020 11:24:46 GMT - Error - ERROR: could get user
Tue, 15 Dec 2020 11:25:43 GMT - Error - ERROR: could get user
Tue, 15 Dec 2020 11:25:45 GMT - Error - ERROR: could get user
Tue, 15 Dec 2020 11:28:01 GMT - Error - ERROR: could get user
Tue, 15 Dec 2020 11:31:03 GMT - Info - Server is running on port: 3030
Tue, 15 Dec 2020 11:32:47 GMT - Info - Server is running on port: 3030
Tue, 15 Dec 2020 11:33:31 GMT - Info - Server is running on port: 3030
Tue, 15 Dec 2020 11:35:27 GMT - Info - Server is running on port: 3030
Tue, 15 Dec 2020 11:38:02 GMT - Info - Server is running on port: 3030
Thu, 31 Dec 2020 09:36:01 GMT - Info - Server is running on port: 3030
Thu, 31 Dec 2020 12:10:19 GMT - Info - Server is running on port: 3030
Thu, 31 Dec 2020 12:11:17 GMT - Info - Server is running on port: 3030
Thu, 31 Dec 2020 12:54:28 GMT - Info - Server is running on port: 3030
Thu, 31 Dec 2020 12:55:26 GMT - Info - Server is running on port: 3030
Thu, 31 Dec 2020 12:55:30 GMT - Info - Server is running on port: 3030
Thu, 31 Dec 2020 12:56:43 GMT - Info - Server is running on port: 3030
Thu, 31 Dec 2020 12:59:23 GMT - Info - Server is running on port: 3030
Thu, 31 Dec 2020 13:01:37 GMT - Info - Server is running on port: 3030
Thu, 31 Dec 2020 13:01:54 GMT - Info - Server is running on port: 3030
Thu, 31 Dec 2020 13:02:19 GMT - Info - Server is running on port: 3030
Thu, 31 Dec 2020 13:02:43 GMT - Info - Server is running on port: 3030
Thu, 07 Jan 2021 13:22:45 GMT - Info - Server is running on port: 3030
Thu, 14 Jan 2021 11:54:17 GMT - Info - Server is running on port: 3030
Thu, 14 Jan 2021 11:56:31 GMT - Info - Server is running on port: 3030
Thu, 14 Jan 2021 12:12:44 GMT - Info - Server is running on port: 3030
Thu, 14 Jan 2021 12:13:56 GMT - Info - Server is running on port: 3030
Thu, 14 Jan 2021 14:14:28 GMT - Info - Server is running on port: 3030
Mon, 18 Jan 2021 07:06:34 GMT - Info - Server is running on port: 3030
Mon, 18 Jan 2021 07:23:46 GMT - Info - Server is running on port: 3030
Mon, 18 Jan 2021 07:25:29 GMT - Info - Server is running on port: 3030
Mon, 18 Jan 2021 07:37:56 GMT - Info - Server is running on port: 3030
Mon, 18 Jan 2021 08:02:10 GMT - Info - Server is running on port: 3030
Mon, 18 Jan 2021 08:33:08 GMT - Info - Server is running on port: 3030
Mon, 18 Jan 2021 08:35:04 GMT - Info - Server is running on port: 3030
Tue, 19 Jan 2021 07:15:05 GMT - Info - Server is running on port: 3030
Tue, 19 Jan 2021 09:56:13 GMT - Info - Server is running on port: 3030
Thu, 21 Jan 2021 11:06:40 GMT - Info - Server is running on port: 3030
Thu, 21 Jan 2021 13:06:25 GMT - Info - Server is running on port: 3030
Sun, 24 Jan 2021 12:53:09 GMT - Info - Server is running on port: 3030
Sun, 24 Jan 2021 14:13:43 GMT - Info - Server is running on port: 3030
Sun, 24 Jan 2021 14:14:56 GMT - Info - Server is running on port: 3030
Sun, 24 Jan 2021 14:15:29 GMT - Info - Server is running on port: 3030
Sun, 24 Jan 2021 14:22:56 GMT - Info - Server is running on port: 3030
Sun, 24 Jan 2021 15:01:24 GMT - Info - Server is running on port: 3030
Sun, 24 Jan 2021 15:51:54 GMT - Info - Server is running on port: 3030
Thu, 28 Jan 2021 08:35:10 GMT - Info - Server is running on port: 3030
Tue, 02 Feb 2021 08:02:02 GMT - Info - Server is running on port: 3030
Tue, 02 Feb 2021 08:26:02 GMT - Error - ERROR: could get user
Tue, 02 Feb 2021 08:26:34 GMT - Info - Server is running on port: 3030
Tue, 02 Feb 2021 08:26:46 GMT - Error - ERROR: could get user
Tue, 02 Feb 2021 08:28:07 GMT - Info - Server is running on port: 3030
Tue, 02 Feb 2021 08:28:07 GMT - Error - ERROR: could get user
Tue, 02 Feb 2021 08:29:33 GMT - Info - Server is running on port: 3030
Tue, 02 Feb 2021 10:50:33 GMT - Info - Server is running on port: 3030
Tue, 02 Feb 2021 12:29:33 GMT - Info - Server is running on port: 3030
Tue, 02 Feb 2021 12:34:42 GMT - Info - Server is running on port: 3030
Tue, 02 Feb 2021 12:34:45 GMT - Info - Server is running on port: 3030
Tue, 02 Feb 2021 12:35:54 GMT - Info - Server is running on port: 3030
Tue, 02 Feb 2021 12:35:58 GMT - Info - Server is running on port: 3030
Tue, 02 Feb 2021 12:37:09 GMT - Info - Server is running on port: 3030
Tue, 02 Feb 2021 12:38:40 GMT - Info - Server is running on port: 3030
Tue, 02 Feb 2021 12:45:30 GMT - Info - Server is running on port: 3030
Tue, 02 Feb 2021 12:45:45 GMT - Info - Server is running on port: 3030
Tue, 02 Feb 2021 12:46:31 GMT - Info - Server is running on port: 3030
Tue, 02 Feb 2021 12:46:51 GMT - Info - Server is running on port: 3030
Tue, 02 Feb 2021 12:49:40 GMT - Info - Server is running on port: 3030
Tue, 02 Feb 2021 14:20:05 GMT - Info - Server is running on port: 3030
Tue, 02 Feb 2021 14:21:13 GMT - Info - Server is running on port: 3030
Tue, 02 Feb 2021 14:27:23 GMT - Info - Server is running on port: 3030
Tue, 02 Feb 2021 14:34:53 GMT - Info - Server is running on port: 3030
Tue, 02 Feb 2021 14:35:06 GMT - Info - Server is running on port: 3030
Tue, 02 Feb 2021 14:35:44 GMT - Info - Server is running on port: 3030
Tue, 02 Feb 2021 14:56:54 GMT - Info - Server is running on port: 3030
Tue, 02 Feb 2021 15:00:50 GMT - Info - Server is running on port: 3030
Wed, 03 Feb 2021 07:17:33 GMT - Info - Server is running on port: 3030
Wed, 03 Feb 2021 09:28:12 GMT - Info - Server is running on port: 3030
Wed, 03 Feb 2021 09:30:15 GMT - Info - Server is running on port: 3030
Thu, 04 Feb 2021 12:13:33 GMT - Info - Server is running on port: 3030
Thu, 04 Feb 2021 21:54:03 GMT - Info - Server is running on port: 3030
Sun, 07 Feb 2021 10:59:01 GMT - Info - Server is running on port: 3030
Sun, 07 Feb 2021 11:00:37 GMT - Info - Server is running on port: 3030
Sun, 07 Feb 2021 11:00:54 GMT - Info - Server is running on port: 3030
Sun, 07 Feb 2021 14:27:36 GMT - Info - Server is running on port: 3030
Sun, 07 Feb 2021 14:27:47 GMT - Error - ERROR: could get user
Sun, 07 Feb 2021 14:33:51 GMT - Error - ERROR: could get user
Sun, 07 Feb 2021 14:35:23 GMT - Info - Server is running on port: 3030
Mon, 08 Feb 2021 12:35:44 GMT - Info - Server is running on port: 3030
Mon, 08 Feb 2021 13:04:51 GMT - Info - Server is running on port: 3030
Mon, 08 Feb 2021 13:18:35 GMT - Info - Server is running on port: 3030
Mon, 08 Feb 2021 13:22:14 GMT - Info - Server is running on port: 3030
Mon, 08 Feb 2021 13:22:28 GMT - Info - Server is running on port: 3030
Mon, 08 Feb 2021 13:22:30 GMT - Info - Server is running on port: 3030
Mon, 08 Feb 2021 13:29:35 GMT - Info - Server is running on port: 3030
Mon, 08 Feb 2021 13:29:52 GMT - Info - Server is running on port: 3030
Mon, 08 Feb 2021 13:29:56 GMT - Info - Server is running on port: 3030
Mon, 08 Feb 2021 13:32:25 GMT - Info - Server is running on port: 3030
Mon, 08 Feb 2021 13:43:44 GMT - Info - Server is running on port: 3030
Mon, 08 Feb 2021 13:43:50 GMT - Info - Server is running on port: 3030
Mon, 08 Feb 2021 13:43:54 GMT - Info - Server is running on port: 3030
Mon, 08 Feb 2021 13:47:10 GMT - Info - Server is running on port: 3030
Mon, 08 Feb 2021 13:47:25 GMT - Info - Server is running on port: 3030
Mon, 08 Feb 2021 13:49:05 GMT - Info - Server is running on port: 3030
Mon, 08 Feb 2021 13:52:15 GMT - Info - Server is running on port: 3030
Mon, 08 Feb 2021 13:54:04 GMT - Info - Server is running on port: 3030
Mon, 08 Feb 2021 13:56:16 GMT - Info - Server is running on port: 3030
Mon, 08 Feb 2021 14:03:56 GMT - Info - Server is running on port: 3030
Mon, 08 Feb 2021 14:05:39 GMT - Info - Server is running on port: 3030
Mon, 08 Feb 2021 14:12:50 GMT - Info - Server is running on port: 3030
Tue, 09 Feb 2021 13:04:10 GMT - Info - Server is running on port: 3030
Tue, 09 Feb 2021 14:10:23 GMT - Info - Server is running on port: 3030
Tue, 09 Feb 2021 14:30:36 GMT - Info - Server is running on port: 3030
Tue, 09 Feb 2021 14:39:00 GMT - Info - Server is running on port: 3030
Tue, 09 Feb 2021 15:08:24 GMT - Info - Server is running on port: 3030
Tue, 09 Feb 2021 15:14:48 GMT - Info - Server is running on port: 3030
Tue, 09 Feb 2021 15:15:08 GMT - Info - Server is running on port: 3030
Tue, 09 Feb 2021 15:15:19 GMT - Info - Server is running on port: 3030
Tue, 09 Feb 2021 15:15:23 GMT - Info - Server is running on port: 3030
Tue, 09 Feb 2021 15:16:13 GMT - Info - Server is running on port: 3030
Tue, 09 Feb 2021 15:16:30 GMT - Info - Server is running on port: 3030
Tue, 09 Feb 2021 15:16:33 GMT - Info - Server is running on port: 3030
Tue, 09 Feb 2021 15:18:58 GMT - Info - Server is running on port: 3030
Tue, 09 Feb 2021 15:19:17 GMT - Info - Server is running on port: 3030
Tue, 09 Feb 2021 15:19:21 GMT - Info - Server is running on port: 3030
Tue, 09 Feb 2021 15:48:33 GMT - Info - Server is running on port: 3030
Tue, 09 Feb 2021 15:49:00 GMT - Info - Server is running on port: 3030
Tue, 09 Feb 2021 15:49:12 GMT - Info - Server is running on port: 3030
Tue, 09 Feb 2021 15:51:00 GMT - Info - Server is running on port: 3030
Tue, 09 Feb 2021 15:52:32 GMT - Info - Server is running on port: 3030
Tue, 09 Feb 2021 15:53:20 GMT - Info - Server is running on port: 3030
Tue, 09 Feb 2021 15:56:42 GMT - Info - Server is running on port: 3030
Tue, 09 Feb 2021 16:14:10 GMT - Info - Server is running on port: 3030
Tue, 09 Feb 2021 16:14:32 GMT - Info - Server is running on port: 3030
Tue, 09 Feb 2021 16:14:46 GMT - Info - Server is running on port: 3030
Tue, 09 Feb 2021 16:15:25 GMT - Info - Server is running on port: 3030
Tue, 09 Feb 2021 16:15:36 GMT - Info - Server is running on port: 3030
Tue, 09 Feb 2021 16:15:43 GMT - Info - Server is running on port: 3030
Tue, 09 Feb 2021 16:15:46 GMT - Info - Server is running on port: 3030
Tue, 09 Feb 2021 16:15:50 GMT - Info - Server is running on port: 3030
Tue, 09 Feb 2021 16:19:54 GMT - Info - Server is running on port: 3030
Tue, 09 Feb 2021 16:19:56 GMT - Info - Server is running on port: 3030
Tue, 09 Feb 2021 16:19:58 GMT - Info - Server is running on port: 3030
Tue, 09 Feb 2021 16:20:15 GMT - Info - Server is running on port: 3030
Tue, 09 Feb 2021 16:20:24 GMT - Info - Server is running on port: 3030
Tue, 09 Feb 2021 16:22:51 GMT - Info - Server is running on port: 3030
Tue, 09 Feb 2021 16:25:38 GMT - Info - Server is running on port: 3030
Tue, 09 Feb 2021 16:26:11 GMT - Info - Server is running on port: 3030
Tue, 09 Feb 2021 16:29:45 GMT - Info - Server is running on port: 3030
Tue, 09 Feb 2021 16:30:20 GMT - Info - Server is running on port: 3030
Tue, 09 Feb 2021 16:48:53 GMT - Info - Server is running on port: 3030
Tue, 09 Feb 2021 16:49:26 GMT - Info - Server is running on port: 3030
Tue, 09 Feb 2021 16:50:10 GMT - Info - Server is running on port: 3030
Tue, 09 Feb 2021 16:50:35 GMT - Info - Server is running on port: 3030
Tue, 09 Feb 2021 16:51:23 GMT - Debug - monday.service - new user created: {"userEmail":"outlook_056C43C8DDACF958@outlook.com","token":"eyJhbGciOiJIUzI1NiJ9.eyJ0aWQiOjk5MDU4MTU0LCJ1aWQiOjE1MzMyMDM1LCJpYWQiOiIyMDIxLTAyLTA5VDE2OjUxOjIzLjIyOVoiLCJwZXIiOiJib2FyZHM6cmVhZCxib2FyZHM6d3JpdGUsbWU6cmVhZCIsImFjdGlkIjo2NzYxODQxLCJyZ24iOiJ1c2UxIn0.FgXS5pLKJcIj-mX3h7uFtWMQv9-PqrIrd68HTxOiZq4","userDomain":"ca20-company.monday.com","registerDate":1612889483900,"expirationDate":1614099083900,"license":"free-trial","userType":"outlook","_id":"6022bd8bd96440609d92e311"}
Tue, 09 Feb 2021 16:54:11 GMT - Info - Server is running on port: 3030
Tue, 09 Feb 2021 16:55:31 GMT - Info - Server is running on port: 3030
Tue, 09 Feb 2021 16:55:38 GMT - Info - Server is running on port: 3030
Tue, 09 Feb 2021 16:55:53 GMT - Debug - monday.service - new user created: {"userEmail":"outlook_056C43C8DDACF958@outlook.com","token":"eyJhbGciOiJIUzI1NiJ9.eyJ0aWQiOjk5MDU4OTMwLCJ1aWQiOjE1MzMyMDM1LCJpYWQiOiIyMDIxLTAyLTA5VDE2OjU1OjUxLjcyNVoiLCJwZXIiOiJib2FyZHM6cmVhZCxib2FyZHM6d3JpdGUsbWU6cmVhZCIsImFjdGlkIjo2NzYxODQxLCJyZ24iOiJ1c2UxIn0.YZK4FAlm91AYt1B2aRGJ_4tM0_zOPYnkKr8qgpzlnj0","userDomain":"ca20-company.monday.com","registerDate":1612889752426,"expirationDate":1614099352426,"license":"free-trial","userType":"outlook","_id":"6022be99e33986610999c793"}
Tue, 09 Feb 2021 16:56:34 GMT - Info - Server is running on port: 3030
Tue, 09 Feb 2021 17:01:37 GMT - Info - Server is running on port: 3030
Tue, 09 Feb 2021 17:01:43 GMT - Info - Server is running on port: 3030
Tue, 09 Feb 2021 17:01:56 GMT - Info - Server is running on port: 3030
Tue, 09 Feb 2021 17:02:17 GMT - Info - Server is running on port: 3030
Tue, 09 Feb 2021 17:02:19 GMT - Info - Server is running on port: 3030
Tue, 09 Feb 2021 17:02:38 GMT - Info - Server is running on port: 3030
Tue, 09 Feb 2021 17:02:43 GMT - Info - Server is running on port: 3030
Tue, 09 Feb 2021 17:08:47 GMT - Info - Server is running on port: 3030
Tue, 09 Feb 2021 17:13:32 GMT - Debug - monday.service - new user created: {"userEmail":"outlook_056C43C8DDACF958@outlook.com","token":"eyJhbGciOiJIUzI1NiJ9.eyJ0aWQiOjk5MDYxOTIzLCJ1aWQiOjE1MzMyMDM1LCJpYWQiOiIyMDIxLTAyLTA5VDE3OjEzOjMxLjQzN1oiLCJwZXIiOiJib2FyZHM6cmVhZCxib2FyZHM6d3JpdGUsbWU6cmVhZCIsImFjdGlkIjo2NzYxODQxLCJyZ24iOiJ1c2UxIn0.f0d71ztwgK-6-cFljKOriEbn8A8fg4WIywDi0WQ-3U0","userDomain":"ca20-company.monday.com","registerDate":1612890812132,"expirationDate":1614100412132,"license":"free-trial","userType":"outlook","_id":"6022c2bc6b9f61629b83edcb"}
Tue, 09 Feb 2021 17:16:39 GMT - Info - Server is running on port: 3030
Tue, 09 Feb 2021 17:21:10 GMT - Debug - monday.service - new user created: {"userEmail":"outlook_056C43C8DDACF958@outlook.com","token":"eyJhbGciOiJIUzI1NiJ9.eyJ0aWQiOjk5MDYzMTc3LCJ1aWQiOjE1MzMyMDM1LCJpYWQiOiIyMDIxLTAyLTA5VDE3OjIxOjA5LjM5MloiLCJwZXIiOiJib2FyZHM6cmVhZCxib2FyZHM6d3JpdGUsbWU6cmVhZCIsImFjdGlkIjo2NzYxODQxLCJyZ24iOiJ1c2UxIn0.0yB64FsNod7RNU56AI1pSrNIbdCu0sU26EnibrgJavc","userDomain":"ca20-company.monday.com","registerDate":1612891269962,"expirationDate":1614100869962,"license":"free-trial","userType":"outlook","_id":"6022c48659606c62f9d15745"}
Tue, 09 Feb 2021 17:22:52 GMT - Debug - monday.service - new user created: {"userEmail":"outlook_056C43C8DDACF958@outlook.com","token":"eyJhbGciOiJIUzI1NiJ9.eyJ0aWQiOjk5MDYzNDA0LCJ1aWQiOjE1MzMyMDM1LCJpYWQiOiIyMDIxLTAyLTA5VDE3OjIyOjUxLjY3MloiLCJwZXIiOiJib2FyZHM6cmVhZCxib2FyZHM6d3JpdGUsbWU6cmVhZCIsImFjdGlkIjo2NzYxODQxLCJyZ24iOiJ1c2UxIn0.Uf8zecke0YQ-e2-XeCiE6bQLxtC1ZzYshwvVf_0BTvA","userDomain":"ca20-company.monday.com","registerDate":1612891372347,"expirationDate":1614100972347,"license":"free-trial","userType":"outlook","_id":"6022c4ec59606c62f9d15746"}
Tue, 09 Feb 2021 18:47:01 GMT - Info - Server is running on port: 3030
Tue, 09 Feb 2021 19:02:57 GMT - Info - Server is running on port: 3030
Wed, 10 Feb 2021 08:41:09 GMT - Info - Server is running on port: 3030
Wed, 10 Feb 2021 08:44:18 GMT - Info - Server is running on port: 3030
Wed, 10 Feb 2021 08:46:23 GMT - Info - Server is running on port: 3030
Wed, 10 Feb 2021 08:49:40 GMT - Info - Server is running on port: 3030
Wed, 10 Feb 2021 09:03:45 GMT - Info - Server is running on port: 3030
Wed, 10 Feb 2021 10:11:26 GMT - Info - Server is running on port: 3030
Wed, 10 Feb 2021 10:38:00 GMT - Info - Server is running on port: 3030
Wed, 10 Feb 2021 17:35:44 GMT - Info - Server is running on port: 3030
Thu, 11 Feb 2021 09:47:37 GMT - Info - Server is running on port: 3030
Thu, 11 Feb 2021 20:16:18 GMT - Info - Server is running on port: 3030
Thu, 11 Feb 2021 20:18:59 GMT - Info - Server is running on port: 3030
Thu, 11 Feb 2021 20:19:21 GMT - Info - Server is running on port: 3030
Thu, 11 Feb 2021 20:20:08 GMT - Info - Server is running on port: 3030
Thu, 11 Feb 2021 20:30:37 GMT - Info - Server is running on port: 3030
Thu, 11 Feb 2021 20:30:59 GMT - Info - Server is running on port: 3030
Thu, 11 Feb 2021 20:31:42 GMT - Info - Server is running on port: 3030
Thu, 11 Feb 2021 20:32:04 GMT - Info - Server is running on port: 3030
Thu, 11 Feb 2021 20:32:10 GMT - Info - Server is running on port: 3030
Thu, 11 Feb 2021 20:32:45 GMT - Info - Server is running on port: 3030
Thu, 11 Feb 2021 20:32:49 GMT - Info - Server is running on port: 3030
Thu, 11 Feb 2021 20:32:52 GMT - Info - Server is running on port: 3030
Thu, 11 Feb 2021 20:33:01 GMT - Info - Server is running on port: 3030
Thu, 11 Feb 2021 20:33:12 GMT - Info - Server is running on port: 3030
Thu, 11 Feb 2021 20:33:50 GMT - Info - Server is running on port: 3030
Thu, 11 Feb 2021 20:33:57 GMT - Info - Server is running on port: 3030
Thu, 11 Feb 2021 20:34:44 GMT - Info - Server is running on port: 3030
Thu, 11 Feb 2021 20:36:33 GMT - Info - Server is running on port: 3030
Thu, 11 Feb 2021 20:36:50 GMT - Info - Server is running on port: 3030
Fri, 12 Feb 2021 09:49:25 GMT - Info - Server is running on port: 3030
Fri, 12 Feb 2021 09:52:28 GMT - Info - Server is running on port: 3030
Fri, 12 Feb 2021 09:55:39 GMT - Info - Server is running on port: 3030
Fri, 12 Feb 2021 09:55:52 GMT - Info - Server is running on port: 3030
Fri, 12 Feb 2021 09:59:03 GMT - Info - Server is running on port: 3030
Fri, 12 Feb 2021 10:26:39 GMT - Info - Server is running on port: 3030
Fri, 12 Feb 2021 10:27:49 GMT - Info - Server is running on port: 3030
Fri, 12 Feb 2021 10:28:09 GMT - Info - Server is running on port: 3030
Fri, 12 Feb 2021 10:29:41 GMT - Info - Server is running on port: 3030
Fri, 12 Feb 2021 10:30:00 GMT - Info - Server is running on port: 3030
Fri, 12 Feb 2021 11:36:59 GMT - Info - Server is running on port: 3030
Fri, 12 Feb 2021 12:40:10 GMT - Info - Server is running on port: 3030
Fri, 12 Feb 2021 14:10:42 GMT - Info - Server is running on port: 3030
Fri, 12 Feb 2021 14:47:50 GMT - Info - Server is running on port: 3030
Fri, 12 Feb 2021 21:19:04 GMT - Info - Server is running on port: 3030
Sat, 13 Feb 2021 09:58:34 GMT - Info - Server is running on port: 3030
Sat, 13 Feb 2021 10:30:04 GMT - Info - Server is running on port: 3030
Sat, 13 Feb 2021 10:30:06 GMT - Info - Server is running on port: 3030
Sat, 13 Feb 2021 10:30:24 GMT - Info - Server is running on port: 3030
Sat, 13 Feb 2021 10:30:39 GMT - Info - Server is running on port: 3030
Sat, 13 Feb 2021 10:31:19 GMT - Info - Server is running on port: 3030
Sat, 13 Feb 2021 12:03:09 GMT - Info - Server is running on port: 3030
Sat, 13 Feb 2021 12:06:37 GMT - Info - Server is running on port: 3030
Sat, 13 Feb 2021 13:54:26 GMT - Info - Server is running on port: 3030
Sat, 13 Feb 2021 14:53:29 GMT - Info - Server is running on port: 3030
Sat, 13 Feb 2021 14:53:36 GMT - Info - Server is running on port: 3030
Sat, 13 Feb 2021 14:59:38 GMT - Info - Server is running on port: 3030
Sat, 13 Feb 2021 15:02:00 GMT - Info - Server is running on port: 3030
Sat, 13 Feb 2021 15:05:10 GMT - Info - Server is running on port: 3030
Sat, 13 Feb 2021 15:05:12 GMT - Info - Server is running on port: 3030
Sat, 13 Feb 2021 16:14:08 GMT - Info - Server is running on port: 3030
Sat, 13 Feb 2021 16:14:43 GMT - Info - Server is running on port: 3030
Sat, 13 Feb 2021 16:48:43 GMT - Info - Server is running on port: 3030
Sat, 13 Feb 2021 17:36:03 GMT - Info - Server is running on port: 3030
Sat, 13 Feb 2021 17:41:06 GMT - Info - Server is running on port: 3030
Sat, 13 Feb 2021 17:44:19 GMT - Info - Server is running on port: 3030
Sat, 13 Feb 2021 17:45:05 GMT - Info - Server is running on port: 3030
Sat, 13 Feb 2021 17:46:05 GMT - Info - Server is running on port: 3030
Sat, 13 Feb 2021 17:46:21 GMT - Info - Server is running on port: 3030
Sat, 13 Feb 2021 21:05:19 GMT - Info - Server is running on port: 3030
Sat, 13 Feb 2021 21:22:31 GMT - Debug - monday.service - new user created: {"userEmail":"drsnails@outlook.com","token":"eyJhbGciOiJIUzI1NiJ9.eyJ0aWQiOjk5NTYwOTIyLCJ1aWQiOjE1MzMyMDM1LCJpYWQiOiIyMDIxLTAyLTEzVDIxOjIyOjMwLjk0NVoiLCJwZXIiOiJib2FyZHM6cmVhZCxib2FyZHM6d3JpdGUsbWU6cmVhZCIsImFjdGlkIjo2NzYxODQxLCJyZ24iOiJ1c2UxIn0.wTlfQ31PLevzRG0wVhsun7jOiPl6TpUWkzLimoQ1eTk","userDomain":"ca20-company.monday.com","registerDate":1613251351585,"expirationDate":1614460951585,"license":"free-trial","userType":"outlook","_id":"60284317eddeb345de1cd258"}
Sat, 13 Feb 2021 21:26:24 GMT - Info - Server is running on port: 3030
Sat, 13 Feb 2021 21:27:16 GMT - Info - Server is running on port: 3030
Sat, 13 Feb 2021 21:28:07 GMT - Info - Server is running on port: 3030
Sat, 13 Feb 2021 21:28:15 GMT - Info - Server is running on port: 3030
Sat, 13 Feb 2021 21:28:45 GMT - Info - Server is running on port: 3030
Sat, 13 Feb 2021 21:36:02 GMT - Info - Server is running on port: 3030
Sat, 13 Feb 2021 21:37:58 GMT - Debug - monday.service - new user created: {"userEmail":"drsnails@outlook.com","token":"eyJhbGciOiJIUzI1NiJ9.eyJ0aWQiOjk5NTYxNDkxLCJ1aWQiOjE1MzMyMDM1LCJpYWQiOiIyMDIxLTAyLTEzVDIxOjM3OjU3LjU2NVoiLCJwZXIiOiJib2FyZHM6cmVhZCxib2FyZHM6d3JpdGUsbWU6cmVhZCIsImFjdGlkIjo2NzYxODQxLCJyZ24iOiJ1c2UxIn0.Y4UYBcxQbP1qMp97nCtFDhBQzgbuRq9liYGrHg539K0","userDomain":"ca20-company.monday.com","registerDate":1613252278381,"expirationDate":1614461878381,"license":"free-trial","userType":"outlook","_id":"602846b6756b6348d03fa3db"}
Sat, 13 Feb 2021 21:39:25 GMT - Info - Server is running on port: 3030
Sat, 13 Feb 2021 21:39:57 GMT - Info - Server is running on port: 3030
Sat, 13 Feb 2021 21:40:27 GMT - Info - Server is running on port: 3030
Sat, 13 Feb 2021 21:41:00 GMT - Info - Server is running on port: 3030
Sat, 13 Feb 2021 21:41:38 GMT - Debug - monday.service - new user created: {"userEmail":"drsnails@outlook.com","token":"eyJhbGciOiJIUzI1NiJ9.eyJ0aWQiOjk5NTYxNTgzLCJ1aWQiOjE1MzMyMDM1LCJpYWQiOiIyMDIxLTAyLTEzVDIxOjQxOjM3LjkwNloiLCJwZXIiOiJib2FyZHM6cmVhZCxib2FyZHM6d3JpdGUsbWU6cmVhZCIsImFjdGlkIjo2NzYxODQxLCJyZ24iOiJ1c2UxIn0.zKLLI6knEgZPEi4LdDo_uIT-6RuUAhHFNWSwNBRlmVQ","userDomain":"ca20-company.monday.com","registerDate":1613252498378,"expirationDate":1614462098378,"license":"free-trial","userType":"outlook","_id":"6028479229d5bf494a71d3f8"}
Sat, 13 Feb 2021 21:41:49 GMT - Info - Server is running on port: 3030
Sat, 13 Feb 2021 21:43:25 GMT - Info - Server is running on port: 3030
Sat, 13 Feb 2021 21:44:05 GMT - Info - Server is running on port: 3030
Sat, 13 Feb 2021 21:45:57 GMT - Info - Server is running on port: 3030
Sat, 13 Feb 2021 21:45:59 GMT - Info - Server is running on port: 3030
Sun, 14 Feb 2021 10:42:03 GMT - Info - Server is running on port: 3030
Sun, 14 Feb 2021 10:46:24 GMT - Info - Server is running on port: 3030
Sun, 14 Feb 2021 10:49:16 GMT - Debug - monday.service - new user created: {"userEmail":"drsnails@outlook.com","token":"eyJhbGciOiJIUzI1NiJ9.eyJ0aWQiOjk5NTc5NjQ5LCJ1aWQiOjE1MzMyMDM1LCJpYWQiOiIyMDIxLTAyLTE0VDEwOjQ5OjE2LjIyNVoiLCJwZXIiOiJib2FyZHM6cmVhZCxib2FyZHM6d3JpdGUsbWU6cmVhZCIsImFjdGlkIjo2NzYxODQxLCJyZ24iOiJ1c2UxIn0.hNmq66E0k4E4h5JisyArkH2GmrM8D7_1mEWvplSGTE0","userDomain":"ca20-company.monday.com","registerDate":1613299756709,"expirationDate":1614509356709,"license":"free-trial","userType":"outlook","_id":"6029002cc2060357ac656d9c"}
Sun, 14 Feb 2021 10:49:52 GMT - Info - Server is running on port: 3030
Sun, 14 Feb 2021 10:50:29 GMT - Info - Server is running on port: 3030
Sun, 14 Feb 2021 10:50:30 GMT - Info - Server is running on port: 3030
Sun, 14 Feb 2021 13:45:22 GMT - Info - Server is running on port: 3030
Sun, 14 Feb 2021 13:45:23 GMT - Info - Server is running on port: 3030
Sun, 14 Feb 2021 13:46:06 GMT - Info - Server is running on port: 3030
Sun, 14 Feb 2021 13:46:07 GMT - Info - Server is running on port: 3030
Sun, 14 Feb 2021 13:46:32 GMT - Info - Server is running on port: 3030
Sun, 14 Feb 2021 13:46:42 GMT - Info - Server is running on port: 3030
Sun, 14 Feb 2021 13:46:43 GMT - Info - Server is running on port: 3030
Sun, 14 Feb 2021 13:46:45 GMT - Info - Server is running on port: 3030
Sun, 14 Feb 2021 13:46:59 GMT - Info - Server is running on port: 3030
Sun, 14 Feb 2021 13:47:37 GMT - Info - Server is running on port: 3030
Sun, 14 Feb 2021 13:47:51 GMT - Info - Server is running on port: 3030
Sun, 14 Feb 2021 13:48:00 GMT - Info - Server is running on port: 3030
Sun, 14 Feb 2021 13:48:35 GMT - Info - Server is running on port: 3030
Sun, 14 Feb 2021 13:48:37 GMT - Info - Server is running on port: 3030
Sun, 14 Feb 2021 13:49:19 GMT - Debug - monday.service - new user created: {"userEmail":"drsnails@outlook.com","token":"eyJhbGciOiJIUzI1NiJ9.eyJ0aWQiOjk5NTg1MTgxLCJ1aWQiOjE1MzMyMDM1LCJpYWQiOiIyMDIxLTAyLTE0VDEzOjQ5OjE4LjgyMloiLCJwZXIiOiJib2FyZHM6cmVhZCxib2FyZHM6d3JpdGUsbWU6cmVhZCIsImFjdGlkIjo2NzYxODQxLCJyZ24iOiJ1c2UxIn0.GYPuYw-7KVuXdUtHEmYHNp7Hqm6i5kLwic112YhohKs","userDomain":"ca20-company.monday.com","registerDate":1613310559271,"expirationDate":1614520159271,"license":"free-trial","userType":"outlook","_id":"60292a5f360a606ca9b3bdfb"}
Sun, 14 Feb 2021 13:49:55 GMT - Info - Server is running on port: 3030
Sun, 14 Feb 2021 13:50:37 GMT - Info - Server is running on port: 3030
Sun, 14 Feb 2021 13:50:52 GMT - Info - Server is running on port: 3030
Sun, 14 Feb 2021 13:51:43 GMT - Debug - monday.service - new user created: {"userEmail":"drsnails@outlook.com","token":"eyJhbGciOiJIUzI1NiJ9.eyJ0aWQiOjk5NTg1MjgyLCJ1aWQiOjE1MzMyMDM1LCJpYWQiOiIyMDIxLTAyLTE0VDEzOjUxOjQyLjQ2MVoiLCJwZXIiOiJib2FyZHM6cmVhZCxib2FyZHM6d3JpdGUsbWU6cmVhZCIsImFjdGlkIjo2NzYxODQxLCJyZ24iOiJ1c2UxIn0.VV9fEEqFCRuXhCItQOadggqpm20SEcfhF0jNzymXcFs","userDomain":"ca20-company.monday.com","registerDate":1613310702846,"expirationDate":1614520302846,"license":"free-trial","userType":"outlook","_id":"60292aee86cf776cf525c80c"}
Sun, 14 Feb 2021 13:52:04 GMT - Info - Server is running on port: 3030
Sun, 14 Feb 2021 13:52:07 GMT - Info - Server is running on port: 3030
Sun, 14 Feb 2021 13:54:08 GMT - Info - Server is running on port: 3030
Sun, 14 Feb 2021 13:54:32 GMT - Info - Server is running on port: 3030
Sun, 14 Feb 2021 13:54:39 GMT - Info - Server is running on port: 3030
Sun, 14 Feb 2021 13:55:22 GMT - Info - Server is running on port: 3030
Sun, 14 Feb 2021 13:55:30 GMT - Info - Server is running on port: 3030
Sun, 14 Feb 2021 13:56:03 GMT - Info - Server is running on port: 3030
Sun, 14 Feb 2021 13:56:24 GMT - Info - Server is running on port: 3030
Sun, 14 Feb 2021 14:06:27 GMT - Info - Server is running on port: 3030
Sun, 14 Feb 2021 14:08:43 GMT - Info - Server is running on port: 3030
Sun, 14 Feb 2021 15:01:04 GMT - Info - Server is running on port: 3030
Sun, 14 Feb 2021 15:01:17 GMT - Info - Server is running on port: 3030
Sun, 14 Feb 2021 15:01:45 GMT - Info - Server is running on port: 3030
Sun, 14 Feb 2021 15:01:55 GMT - Info - Server is running on port: 3030
Sun, 14 Feb 2021 15:02:25 GMT - Info - Server is running on port: 3030
Sun, 14 Feb 2021 15:02:37 GMT - Info - Server is running on port: 3030
Sun, 14 Feb 2021 15:02:53 GMT - Info - Server is running on port: 3030
Sun, 14 Feb 2021 15:03:03 GMT - Info - Server is running on port: 3030
Sun, 14 Feb 2021 15:05:05 GMT - Info - Server is running on port: 3030
Sun, 14 Feb 2021 15:05:36 GMT - Info - Server is running on port: 3030
Sun, 14 Feb 2021 15:05:57 GMT - Info - Server is running on port: 3030
Sun, 14 Feb 2021 15:06:11 GMT - Info - Server is running on port: 3030
Sun, 14 Feb 2021 15:06:19 GMT - Info - Server is running on port: 3030
Sun, 14 Feb 2021 15:06:36 GMT - Info - Server is running on port: 3030
Sun, 14 Feb 2021 15:06:49 GMT - Info - Server is running on port: 3030
Sun, 14 Feb 2021 15:06:52 GMT - Info - Server is running on port: 3030
Sun, 14 Feb 2021 15:07:03 GMT - Info - Server is running on port: 3030
Sun, 14 Feb 2021 15:07:05 GMT - Info - Server is running on port: 3030
Sun, 14 Feb 2021 15:08:24 GMT - Info - Server is running on port: 3030
Sun, 14 Feb 2021 15:08:41 GMT - Info - Server is running on port: 3030
Sun, 14 Feb 2021 15:09:22 GMT - Info - Server is running on port: 3030
Sun, 14 Feb 2021 15:09:38 GMT - Info - Server is running on port: 3030
Sun, 14 Feb 2021 15:10:00 GMT - Info - Server is running on port: 3030
Sun, 14 Feb 2021 15:10:10 GMT - Info - Server is running on port: 3030
Sun, 14 Feb 2021 15:11:02 GMT - Info - Server is running on port: 3030
Sun, 14 Feb 2021 15:11:07 GMT - Info - Server is running on port: 3030
Sun, 14 Feb 2021 15:11:49 GMT - Info - Server is running on port: 3030
Sun, 14 Feb 2021 15:13:05 GMT - Info - Server is running on port: 3030
Sun, 14 Feb 2021 15:14:30 GMT - Info - Server is running on port: 3030
Sun, 14 Feb 2021 15:17:43 GMT - Info - Server is running on port: 3030
Sun, 14 Feb 2021 15:17:45 GMT - Info - Server is running on port: 3030
Sun, 14 Feb 2021 19:10:40 GMT - Info - Server is running on port: 3030
Sun, 14 Feb 2021 19:19:09 GMT - Info - Server is running on port: 3030
Sun, 14 Feb 2021 19:19:26 GMT - Info - Server is running on port: 3030
Sun, 14 Feb 2021 19:20:10 GMT - Info - Server is running on port: 3030
Sun, 14 Feb 2021 19:33:59 GMT - Debug - monday.service - new user created: {"userEmail":"drsnails@outlook.com","token":"eyJhbGciOiJIUzI1NiJ9.eyJ0aWQiOjk5NTk4MDI2LCJ1aWQiOjE1MzMyMDM1LCJpYWQiOiIyMDIxLTAyLTE0VDE5OjMzOjU4LjQyMloiLCJwZXIiOiJib2FyZHM6cmVhZCxib2FyZHM6d3JpdGUsbWU6cmVhZCIsImFjdGlkIjo2NzYxODQxLCJyZ24iOiJ1c2UxIn0.zEYVLIsK1XXvFMLsmmc5MfVDYLTeqcyzxLOYTH6wkyA","userDomain":"ca20-company.monday.com","registerDate":1613331239178,"expirationDate":1614540839178,"license":"free-trial","userType":"outlook","_id":"60297b27b39a189062dcf6e7"}
Sun, 14 Feb 2021 19:59:52 GMT - Info - Server is running on port: 3030
Sun, 14 Feb 2021 20:17:25 GMT - Info - Server is running on port: 3030
Sun, 14 Feb 2021 20:19:35 GMT - Info - Server is running on port: 3030
Sun, 14 Feb 2021 20:35:20 GMT - Info - Server is running on port: 3030
Mon, 15 Feb 2021 12:00:46 GMT - Info - Server is running on port: 3030
Mon, 15 Feb 2021 12:02:31 GMT - Info - Server is running on port: 3030
Mon, 15 Feb 2021 12:03:45 GMT - Info - Server is running on port: 3030
Mon, 15 Feb 2021 12:07:08 GMT - Info - Server is running on port: 3030
Mon, 15 Feb 2021 12:11:27 GMT - Info - Server is running on port: 3030
Mon, 15 Feb 2021 12:12:10 GMT - Info - Server is running on port: 3030
Mon, 15 Feb 2021 12:12:19 GMT - Info - Server is running on port: 3030
Mon, 15 Feb 2021 12:13:50 GMT - Info - Server is running on port: 3030
Mon, 15 Feb 2021 12:14:33 GMT - Info - Server is running on port: 3030
Mon, 15 Feb 2021 12:14:59 GMT - Info - Server is running on port: 3030
Mon, 15 Feb 2021 12:15:32 GMT - Info - Server is running on port: 3030
Mon, 15 Feb 2021 12:16:02 GMT - Info - Server is running on port: 3030
Mon, 15 Feb 2021 12:33:50 GMT - Info - Server is running on port: 3030
Mon, 15 Feb 2021 12:50:14 GMT - Info - Server is running on port: 3030
Mon, 15 Feb 2021 12:52:12 GMT - Info - Server is running on port: 3030
Mon, 15 Feb 2021 12:52:47 GMT - Info - Server is running on port: 3030
Mon, 15 Feb 2021 12:55:32 GMT - Info - Server is running on port: 3030
Mon, 15 Feb 2021 12:56:00 GMT - Info - Server is running on port: 3030
Mon, 15 Feb 2021 12:56:51 GMT - Info - Server is running on port: 3030
Mon, 15 Feb 2021 13:02:44 GMT - Info - Server is running on port: 3030
Mon, 15 Feb 2021 13:05:40 GMT - Debug - monday.service - new user created: {"userEmail":"drsnails@outlook.com","registerDate":1613394340582,"expirationDate":1614603940582,"license":"free-trial","userType":"outlook","_id":"602a71a4267421b65bb9dd61"}
Mon, 15 Feb 2021 13:06:41 GMT - Debug - monday.service - new user created: {"userEmail":"drsnails@outlook.com","registerDate":1613394401714,"expirationDate":1614604001714,"license":"free-trial","userType":"outlook","_id":"602a71e1267421b65bb9dd62"}
Mon, 15 Feb 2021 13:07:06 GMT - Debug - monday.service - new user created: {"userEmail":"drsnails@outlook.com","registerDate":1613394426519,"expirationDate":1614604026519,"license":"free-trial","userType":"outlook","_id":"602a71fa267421b65bb9dd63"}
Mon, 15 Feb 2021 13:09:10 GMT - Debug - monday.service - new user created: {"userEmail":"drsnails@outlook.com","registerDate":1613394550440,"expirationDate":1614604150440,"license":"free-trial","userType":"outlook","_id":"602a7276267421b65bb9dd64"}
Mon, 15 Feb 2021 13:11:08 GMT - Debug - monday.service - new user created: {"userEmail":"drsnails@outlook.com","registerDate":1613394668559,"expirationDate":1614604268559,"license":"free-trial","userType":"outlook","_id":"602a72ec267421b65bb9dd65"}
Mon, 15 Feb 2021 13:15:43 GMT - Info - Server is running on port: 3030
Mon, 15 Feb 2021 13:16:07 GMT - Info - Server is running on port: 3030
Mon, 15 Feb 2021 13:16:36 GMT - Info - Server is running on port: 3030
Mon, 15 Feb 2021 13:17:53 GMT - Debug - monday.service - new user created: {"userEmail":"drsnails@outlook.com","token":"eyJhbGciOiJIUzI1NiJ9.eyJ0aWQiOjk5NjcxMjkzLCJ1aWQiOjE1MzMyMDM1LCJpYWQiOiIyMDIxLTAyLTE1VDEzOjE3OjUxLjk0NloiLCJwZXIiOiJib2FyZHM6cmVhZCxib2FyZHM6d3JpdGUsbWU6cmVhZCIsImFjdGlkIjo2NzYxODQxLCJyZ24iOiJ1c2UxIn0.pIvGZ00BcqPR_PZOiFm5xiSTomxP63vHtJarjTXy3MQ","userDomain":"ca20-company.monday.com","registerDate":1613395072359,"expirationDate":1614604672359,"license":"free-trial","userType":"outlook","_id":"602a748121b007b78b6d9900"}
Mon, 15 Feb 2021 13:18:29 GMT - Info - Server is running on port: 3030
Mon, 15 Feb 2021 13:18:39 GMT - Debug - monday.service - new user created: {"userEmail":"drsnails@outlook.com","token":"eyJhbGciOiJIUzI1NiJ9.eyJ0aWQiOjk5NjcxNDAxLCJ1aWQiOjE1MzMyMDM1LCJpYWQiOiIyMDIxLTAyLTE1VDEzOjE4OjM4LjIzOFoiLCJwZXIiOiJib2FyZHM6cmVhZCxib2FyZHM6d3JpdGUsbWU6cmVhZCIsImFjdGlkIjo2NzYxODQxLCJyZ24iOiJ1c2UxIn0.Vj9CkPHtQWLK2l4XCbE3ZRl7LtFvv4INSCHbndMuja0","userDomain":"ca20-company.monday.com","registerDate":1613395118674,"expirationDate":1614604718674,"license":"free-trial","userType":"outlook","_id":"602a74af522bc8b7b559c911"}
Mon, 15 Feb 2021 13:19:24 GMT - Info - Server is running on port: 3030
Mon, 15 Feb 2021 13:22:52 GMT - Debug - monday.service - new user created: {"userEmail":"ivokooijman@synovapower.com","token":"eyJhbGciOiJIUzI1NiJ9.eyJ0aWQiOjk5NjcxOTgyLCJ1aWQiOjE4OTgwODYxLCJpYWQiOiIyMDIxLTAyLTE1VDEzOjIyOjUxLjIzMVoiLCJwZXIiOiJib2FyZHM6cmVhZCxib2FyZHM6d3JpdGUsbWU6cmVhZCIsImFjdGlkIjo3OTYwMzY2LCJyZ24iOiJ1c2UxIn0.0Xb2RzZQqaXT3c9k2aAAo5_MDKmADyYASDpmnfBwdlA","userDomain":"synovatech.monday.com","registerDate":1613395371643,"expirationDate":1614604971643,"license":"free-trial","userType":"outlook","_id":"602a75ac1d1313b7d79c7fba"}
Mon, 15 Feb 2021 13:23:08 GMT - Debug - monday.service - new user created: {"userEmail":"drsnails@outlook.com","token":"eyJhbGciOiJIUzI1NiJ9.eyJ0aWQiOjk5NjcyMDM3LCJ1aWQiOjE1MzMyMDM1LCJpYWQiOiIyMDIxLTAyLTE1VDEzOjIzOjA4LjQ4M1oiLCJwZXIiOiJib2FyZHM6cmVhZCxib2FyZHM6d3JpdGUsbWU6cmVhZCIsImFjdGlkIjo2NzYxODQxLCJyZ24iOiJ1c2UxIn0.MIp9qtqFK1ThnxodhWwnB3EBnpjA7xplXQK8wB05h08","userDomain":"ca20-company.monday.com","registerDate":1613395388855,"expirationDate":1614604988855,"license":"free-trial","userType":"outlook","_id":"602a75bc1d1313b7d79c7fbb"}
Mon, 15 Feb 2021 13:25:24 GMT - Info - Server is running on port: 3030
Mon, 15 Feb 2021 16:33:56 GMT - Info - Server is running on port: 3030
Mon, 15 Feb 2021 16:38:15 GMT - Info - Server is running on port: 3030
Tue, 16 Feb 2021 11:33:04 GMT - Info - Server is running on port: 3030
Wed, 17 Feb 2021 09:47:35 GMT - Info - Server is running on port: 3030
Wed, 17 Feb 2021 10:30:08 GMT - Info - Server is running on port: 3030
Wed, 17 Feb 2021 10:31:44 GMT - Server is running on port: 3030 - info
Server is running on port: 3030Server is running on port: 3030Server is running on port: 3030Server is running on port: 3030Server is running on port: 3030Server is running on port: 3030Server is running on port: 3030Server is running on port: 3030Server is running on port: 3030Server is running on port: 3030Server is running on port: 3030Server is running on port: 3030Server is running on port: 3030Server is running on port: 3030Server is running on port: 3030Server is running on port: 3030Server is running on port: 3030Server is running on port: 3030Server is running on port: 3030Server is running on port: 3030Server is running on port: 3030Server is running on port: 3030Server is running on port: 3030Server is running on port: 3030Server is running on port: 3030Server is running on port: 3030Server is running on port: 3030Server is running on port: 3030Server is running on port: 3030Server is running on port: 3030Server is running on port: 3030Server is running on port: 3030Server is running on port: 3030Server is running on port: 3030Server is running on port: 3030Server is running on port: 3030Server is running on port: 3030Server is running on port: 3030Server is running on port: 3030Server is running on port: 3030Server is running on port: 3030Server is running on port: 3030Server is running on port: 3030Server is running on port: 3030Server is running on port: 3030Server is running on port: 3030Server is running on port: 3030Server is running on port: 3030Server is running on port: 3030Server is running on port: 3030Server is running on port: 3030Server is running on port: 3030Server is running on port: 3030Server is running on port: 3030Server is running on port: 3030Server is running on port: 3030Server is running on port: 3030Server is running on port: 3030Server is running on port: 3030Server is running on port: 3030Server is running on port: 3030Server is running on port: 3030Server is running on port: 3030Server is running on port: 3030Server is running on port: 3030Server is running on port: 3030Server is running on port: 3030Server is running on port: 3030Server is running on port: 3030Server is running on port: 3030Server is running on port: 3030Server is running on port: 3030Server is running on port: 3030Server is running on port: 3030Server is running on port: 3030Server is running on port: 3030Server is running on port: 3030Server is running on port: 3030Server is running on port: 3030Server is running on port: 3030Server is running on port: 3030Server is running on port: 3030Server is running on port: 3030Server is running on port: 3030Server is running on port: 3030Server is running on port: 3030Server is running on port: 3030Server is running on port: 3030Server is running on port: 3030Server is running on port: 3030Server is running on port: 3030Server is running on port: 3030Server is running on port: 3030Server is running on port: 3030Server is running on port: 3030Server is running on port: 3030Server is running on port: 3030Server is running on port: 3030Server is running on port: 3030Server is running on port: 3030Server is running on port: 3030Server is running on port: 3030Server is running on port: 3030Server is running on port: 3030Server is running on port: 3030Server is running on port: 3030Server is running on port: 3030Server is running on port: 3030Server is running on port: 3030Server is running on port: 3030Server is running on port: 3030Server is running on port: 3030Server is running on port: 3030Server is running on port: 3030Server is running on port: 3030Server is running on port: 3030Server is running on port: 3030Server is running on port: 3030Server is running on port: 3030Server is running on port: 3030Server is running on port: 3030Server is running on port: 3030Server is running on port: 3030Server is running on port: 3030Server is running on port: 3030Server is running on port: 3030Server is running on port: 3030Server is running on port: 3030Server is running on port: 3030Server is running on port: 3030Server is running on port: 3030Server is running on port: 3030Server is running on port: 3030Server is running on port: 3030Server is running on port: 3030Server is running on port: 3030Server is running on port: 3030Server is running on port: 3030Server is running on port: 3030Server is running on port: 3030Server is running on port: 3030Server is running on port: 3030Server is running on port: 3030Server is running on port: 3030Server is running on port: 3030Server is running on port: 3030Server is running on port: 3030Server is running on port: 3030Server is running on port: 3030Server is running on port: 3030Server is running on port: 3030Server is running on port: 3030Server is running on port: 3030Server is running on port: 3030Server is running on port: 3030Server is running on port: 3030Server is running on port: 3030Server is running on port: 3030Server is running on port: 3030Server is running on port: 3030Server is running on port: 3030Server is running on port: 3030Server is running on port: 3030Server is running on port: 3030Server is running on port: 3030Server is running on port: 3030Server is running on port: 3030Server is running on port: 3030Server is running on port: 3030Server is running on port: 3030Server is running on port: 3030Server is running on port: 3030Server is running on port: 3030Server is running on port: 3030Server is running on port: 3030Server is running on port: 3030Server is running on port: 3030Server is running on port: 3030Server is running on port: 3030Server is running on port: 3030Server is running on port: 3030Server is running on port: 3030Server is running on port: 3030Server is running on port: 3030Server is running on port: 3030Server is running on port: 3030Server is running on port: 3030Server is running on port: 3030Server is running on port: 3030Server is running on port: 3030Server is running on port: 3030Server is running on port: 3030Server is running on port: 3030Server is running on port: 3030Server is running on port: 3030Server is running on port: 3030Server is running on port: 3030Server is running on port: 3030Server is running on port: 3030Server is running on port: 3030Server is running on port: 3030Server is running on port: 3030Server is running on port: 3030Server is running on port: 3030Server is running on port: 3030Server is running on port: 3030Server is running on port: 3030Server is running on port: 3030Server is running on port: 3030Server is running on port: 3030Server is running on port: 3030Server is running on port: 3030Server is running on port: 3030Server is running on port: 3030Server is running on port: 3030Server is running on port: 3030Server is running on port: 3030Server is running on port: 3030Server is running on port: 3030Server is running on port: 3030Server is running on port: 3030Server is running on port: 3030Server is running on port: 3030Server is running on port: 3030Server is running on port: 3030Server is running on port: 3030Server is running on port: 3030Server is running on port: 3030Server is running on port: 3030Server is running on port: 3030Server is running on port: 3030Server is running on port: 3030Server is running on port: 3030Server is running on port: 3030Server is running on port: 3030Server is running on port: 3030Server is running on port: 3030Server is running on port: 3030Server is running on port: 3030Server is running on port: 3030Server is running on port: 3030Server is running on port: 3030Server is running on port: 3030Server is running on port: 3030Server is running on port: 3030Server is running on port: 3030Server is running on port: 3030Server is running on port: 3030Server is running on port: 3030Server is running on port: 3030Server is running on port: 3030Server is running on port: 3030Server is running on port: 3030Server is running on port: 3030Server is running on port: 3030Server is running on port: 3030Server is running on port: 3030Server is running on port: 3030Server is running on port: 3030Server is running on port: 3030Server is running on port: 3030Server is running on port: 3030Server is running on port: 3030Server is running on port: 3030Server is running on port: 3030Server is running on port: 3030Server is running on port: 3030Server is running on port: 3030Server is running on port: 3030Server is running on port: 3030Server is running on port: 3030Server is running on port: 3030Server is running on port: 3030Server is running on port: 3030Server is running on port: 3030Server is running on port: 3030Server is running on port: 3030Server is running on port: 3030Server is running on port: 3030Server is running on port: 3030Server is running on port: 3030Server is running on port: 3030Server is running on port: 3030Server is running on port: 3030Server is running on port: 3030Server is running on port: 3030Server is running on port: 3030Server is running on port: 3030Server is running on port: 3030Server is running on port: 3030Server is running on port: 3030Server is running on port: 3030Server is running on port: 3030Server is running on port: 3030Server is running on port: 3030Server is running on port: 3030Server is running on port: 3030Server is running on port: 3030Server is running on port: 3030Server is running on port: 3030Server is running on port: 3030Server is running on port: 3030Server is running on port: 3030Server is running on port: 3030Server is running on port: 3030Server is running on port: 3030Server is running on port: 3030Server is running on port: 3030Server is running on port: 3030Server is running on port: 3030Server is running on port: 3030Server is running on port: 3030Server is running on port: 3030Server is running on port: 3030Server is running on port: 3030Server is running on port: 3030Server is running on port: 3030Server is running on port: 3030Server is running on port: 3030Server is running on port: 3030Server is running on port: 3030Server is running on port: 3030Server is running on port: 3030Server is running on port: 3030Server is running on port: 3030Server is running on port: 3030Server is running on port: 3030Server is running on port: 3030Server is running on port: 3030Server is running on port: 3030Server is running on port: 3030Server is running on port: 3030Server is running on port: 3030Server is running on port: 3030Server is running on port: 3030Server is running on port: 3030Server is running on port: 3030Server is running on port: 3030Server is running on port: 3030Server is running on port: 3030Server is running on port: 3030Server is running on port: 3030Server is running on port: 3030Server is running on port: 3030Server is running on port: 3030Server is running on port: 3030Server is running on port: 3030Server is running on port: 3030Server is running on port: 3030Server is running on port: 3030Server is running on port: 3030Server is running on port: 3030Server is running on port: 3030Server is running on port: 3030Server is running on port: 3030Server is running on port: 3030Server is running on port: 3030Server is running on port: 3030Server is running on port: 3030Server is running on port: 3030Server is running on port: 3030Server is running on port: 3030Server is running on port: 3030Server is running on port: 3030Server is running on port: 3030Server is running on port: 3030Server is running on port: 3030Server is running on port: 3030Server is running on port: 3030Server is running on port: 3030Server is running on port: 3030Server is running on port: 3030Server is running on port: 3030Server is running on port: 3030Server is running on port: 3030Server is running on port: 3030Server is running on port: 3030Server is running on port: 3030Server is running on port: 3030Server is running on port: 3030Server is running on port: 3030Server is running on port: 3030Server is running on port: 3030Server is running on port: 3030Server is running on port: 3030Server is running on port: 3030Server is running on port: 3030Server is running on port: 3030Server is running on port: 3030Server is running on port: 3030Server is running on port: 3030Server is running on port: 3030Server is running on port: 3030Server is running on port: 3030Server is running on port: 3030Server is running on port: 3030Server is running on port: 3030Server is running on port: 3030Server is running on port: 3030Server is running on port: 3030Server is running on port: 3030Server is running on port: 3030Server is running on port: 3030Server is running on port: 3030Server is running on port: 3030Server is running on port: 3030Server is running on port: 3030Server is running on port: 3030Server is running on port: 3030Server is running on port: 3030Server is running on port: 3030Server is running on port: 3030Server is running on port: 3030Server is running on port: 3030Server is running on port: 3030Server is running on port: 3030Server is running on port: 3030Server is running on port: 3030Server is running on port: 3030Server is running on port: 3030Server is running on port: 3030Server is running on port: 3030Server is running on port: 3030Server is running on port: 3030Server is running on port: 3030Server is running on port: 3030Server is running on port: 3030Server is running on port: 3030Server is running on port: 3030Server is running on port: 3030Server is running on port: 3030Server is running on port: 3030Server is running on port: 3030Server is running on port: 3030Server is running on port: 3030Server is running on port: 3030Server is running on port: 3030Server is running on port: 3030Server is running on port: 3030Server is running on port: 3030Server is running on port: 3030Server is running on port: 3030Server is running on port: 3030Server is running on port: 3030Server is running on port: 3030Server is running on port: 3030Server is running on port: 3030Server is running on port: 3030Server is running on port: 3030Server is running on port: 3030Server is running on port: 3030Server is running on port: 3030Server is running on port: 3030Server is running on port: 3030Server is running on port: 3030Server is running on port: 3030Server is running on port: 3030Server is running on port: 3030Server is running on port: 3030Server is running on port: 3030Server is running on port: 3030Server is running on port: 3030Server is running on port: 3030Server is running on port: 3030Server is running on port: 3030Server is running on port: 3030Server is running on port: 3030Server is running on port: 3030Server is running on port: 3030Server is running on port: 3030Server is running on port: 3030Server is running on port: 3030Server is running on port: 3030Server is running on port: 3030Server is running on port: 3030Server is running on port: 3030Server is running on port: 3030Server is running on port: 3030Server is running on port: 3030Server is running on port: 3030Server is running on port: 3030Server is running on port: 3030Server is running on port: 3030Server is running on port: 3030Server is running on port: 3030Server is running on port: 3030Server is running on port: 3030Server is running on port: 3030Server is running on port: 3030Server is running on port: 3030Server is running on port: 3030Server is running on port: 3030Server is running on port: 3030